{"meta": {"format": 3, "version": "7.10.2", "timestamp": "2025-08-18T22:00:22.513220", "branch_coverage": false, "show_contexts": false}, "files": {"src/project_watch_mcp/__init__.py": {"executed_lines": [1, 3, 6, 7, 8, 10, 11, 12, 13, 16], "summary": {"covered_lines": 9, "num_statements": 9, "percent_covered": 100.0, "percent_covered_display": "100", "missing_lines": 0, "excluded_lines": 0}, "missing_lines": [], "excluded_lines": [], "functions": {"": {"executed_lines": [1, 3, 6, 7, 8, 10, 11, 12, 13, 16], "summary": {"covered_lines": 9, "num_statements": 9, "percent_covered": 100.0, "percent_covered_display": "100", "missing_lines": 0, "excluded_lines": 0}, "missing_lines": [], "excluded_lines": []}}, "classes": {"": {"executed_lines": [1, 3, 6, 7, 8, 10, 11, 12, 13, 16], "summary": {"covered_lines": 9, "num_statements": 9, "percent_covered": 100.0, "percent_covered_display": "100", "missing_lines": 0, "excluded_lines": 0}, "missing_lines": [], "excluded_lines": []}}}, "src/project_watch_mcp/__main__.py": {"executed_lines": [], "summary": {"covered_lines": 0, "num_statements": 3, "percent_covered": 0.0, "percent_covered_display": "0", "missing_lines": 3, "excluded_lines": 0}, "missing_lines": [3, 5, 6], "excluded_lines": [], "functions": {"": {"executed_lines": [], "summary": {"covered_lines": 0, "num_statements": 3, "percent_covered": 0.0, "percent_covered_display": "0", "missing_lines": 3, "excluded_lines": 0}, "missing_lines": [3, 5, 6], "excluded_lines": []}}, "classes": {"": {"executed_lines": [], "summary": {"covered_lines": 0, "num_statements": 3, "percent_covered": 0.0, "percent_covered_display": "0", "missing_lines": 3, "excluded_lines": 0}, "missing_lines": [3, 5, 6], "excluded_lines": []}}}, "src/project_watch_mcp/cli.py": {"executed_lines": [1, 3, 4, 5, 6, 7, 8, 9, 11, 13, 14, 15, 16, 17, 18, 21, 24, 27, 51, 52, 53, 54, 55, 58, 59, 60, 61, 62, 64, 65, 66, 69, 74, 87, 88, 91, 92, 93, 95, 97, 108, 109, 110, 115, 326, 532], "summary": {"covered_lines": 45, "num_statements": 216, "percent_covered": 20.833333333333332, "percent_covered_display": "21", "missing_lines": 171, "excluded_lines": 0}, "missing_lines": [70, 71, 94, 99, 100, 101, 102, 103, 104, 105, 111, 112, 145, 146, 147, 148, 149, 150, 151, 152, 155, 156, 157, 158, 159, 160, 161, 163, 166, 169, 170, 175, 176, 177, 178, 179, 180, 181, 182, 183, 184, 187, 188, 189, 191, 192, 193, 196, 197, 203, 204, 207, 208, 211, 212, 213, 214, 216, 217, 218, 221, 222, 223, 225, 232, 233, 235, 238, 239, 246, 247, 248, 249, 255, 256, 257, 258, 260, 261, 263, 264, 272, 273, 274, 275, 276, 277, 279, 280, 281, 282, 285, 286, 287, 290, 291, 296, 299, 300, 301, 303, 304, 305, 306, 307, 308, 309, 310, 311, 312, 313, 314, 315, 318, 319, 320, 321, 322, 323, 328, 366, 371, 376, 381, 388, 394, 399, 407, 414, 421, 426, 432, 439, 446, 449, 450, 451, 454, 457, 458, 461, 462, 463, 464, 467, 468, 470, 471, 472, 474, 477, 478, 479, 480, 481, 483, 487, 488, 489, 490, 493, 494, 496, 507, 510, 525, 526, 527, 528, 529, 533], "excluded_lines": [], "functions": {"initialize_only": {"executed_lines": [51, 52, 53, 54, 55, 58, 59, 60, 61, 62, 64, 65, 66, 69, 74, 87, 88, 91, 92, 93, 95, 97, 108, 109, 110], "summary": {"covered_lines": 25, "num_statements": 35, "percent_covered": 71.42857142857143, "percent_covered_display": "71", "missing_lines": 10, "excluded_lines": 0}, "missing_lines": [94, 99, 100, 101, 102, 103, 104, 105, 111, 112], "excluded_lines": []}, "initialize_only.progress_callback": {"executed_lines": [], "summary": {"covered_lines": 0, "num_statements": 2, "percent_covered": 0.0, "percent_covered_display": "0", "missing_lines": 2, "excluded_lines": 0}, "missing_lines": [70, 71], "excluded_lines": []}, "main": {"executed_lines": [], "summary": {"covered_lines": 0, "num_statements": 107, "percent_covered": 0.0, "percent_covered_display": "0", "missing_lines": 107, "excluded_lines": 0}, "missing_lines": [145, 146, 147, 148, 149, 150, 151, 152, 155, 156, 157, 158, 159, 160, 161, 163, 166, 169, 170, 175, 176, 177, 178, 179, 180, 181, 182, 183, 184, 187, 188, 189, 191, 192, 193, 196, 197, 203, 204, 207, 208, 211, 212, 213, 214, 216, 217, 218, 221, 222, 223, 225, 232, 233, 235, 238, 239, 246, 247, 248, 249, 255, 256, 257, 258, 260, 261, 263, 264, 272, 273, 274, 275, 276, 277, 279, 280, 281, 282, 285, 286, 287, 290, 291, 296, 299, 300, 301, 303, 304, 305, 306, 307, 308, 309, 310, 311, 312, 313, 314, 315, 318, 319, 320, 321, 322, 323], "excluded_lines": []}, "cli": {"executed_lines": [], "summary": {"covered_lines": 0, "num_statements": 51, "percent_covered": 0.0, "percent_covered_display": "0", "missing_lines": 51, "excluded_lines": 0}, "missing_lines": [328, 366, 371, 376, 381, 388, 394, 399, 407, 414, 421, 426, 432, 439, 446, 449, 450, 451, 454, 457, 458, 461, 462, 463, 464, 467, 468, 470, 471, 472, 474, 477, 478, 479, 480, 481, 483, 487, 488, 489, 490, 493, 494, 496, 507, 510, 525, 526, 527, 528, 529], "excluded_lines": []}, "": {"executed_lines": [1, 3, 4, 5, 6, 7, 8, 9, 11, 13, 14, 15, 16, 17, 18, 21, 24, 27, 115, 326, 532], "summary": {"covered_lines": 20, "num_statements": 21, "percent_covered": 95.23809523809524, "percent_covered_display": "95", "missing_lines": 1, "excluded_lines": 0}, "missing_lines": [533], "excluded_lines": []}}, "classes": {"": {"executed_lines": [1, 3, 4, 5, 6, 7, 8, 9, 11, 13, 14, 15, 16, 17, 18, 21, 24, 27, 51, 52, 53, 54, 55, 58, 59, 60, 61, 62, 64, 65, 66, 69, 74, 87, 88, 91, 92, 93, 95, 97, 108, 109, 110, 115, 326, 532], "summary": {"covered_lines": 45, "num_statements": 216, "percent_covered": 20.833333333333332, "percent_covered_display": "21", "missing_lines": 171, "excluded_lines": 0}, "missing_lines": [70, 71, 94, 99, 100, 101, 102, 103, 104, 105, 111, 112, 145, 146, 147, 148, 149, 150, 151, 152, 155, 156, 157, 158, 159, 160, 161, 163, 166, 169, 170, 175, 176, 177, 178, 179, 180, 181, 182, 183, 184, 187, 188, 189, 191, 192, 193, 196, 197, 203, 204, 207, 208, 211, 212, 213, 214, 216, 217, 218, 221, 222, 223, 225, 232, 233, 235, 238, 239, 246, 247, 248, 249, 255, 256, 257, 258, 260, 261, 263, 264, 272, 273, 274, 275, 276, 277, 279, 280, 281, 282, 285, 286, 287, 290, 291, 296, 299, 300, 301, 303, 304, 305, 306, 307, 308, 309, 310, 311, 312, 313, 314, 315, 318, 319, 320, 321, 322, 323, 328, 366, 371, 376, 381, 388, 394, 399, 407, 414, 421, 426, 432, 439, 446, 449, 450, 451, 454, 457, 458, 461, 462, 463, 464, 467, 468, 470, 471, 472, 474, 477, 478, 479, 480, 481, 483, 487, 488, 489, 490, 493, 494, 496, 507, 510, 525, 526, 527, 528, 529, 533], "excluded_lines": []}}}, "src/project_watch_mcp/complexity_analysis/__init__.py": {"executed_lines": [1, 8, 9, 17, 28], "summary": {"covered_lines": 4, "num_statements": 4, "percent_covered": 100.0, "percent_covered_display": "100", "missing_lines": 0, "excluded_lines": 0}, "missing_lines": [], "excluded_lines": [], "functions": {"": {"executed_lines": [1, 8, 9, 17, 28], "summary": {"covered_lines": 4, "num_statements": 4, "percent_covered": 100.0, "percent_covered_display": "100", "missing_lines": 0, "excluded_lines": 0}, "missing_lines": [], "excluded_lines": []}}, "classes": {"": {"executed_lines": [1, 8, 9, 17, 28], "summary": {"covered_lines": 4, "num_statements": 4, "percent_covered": 100.0, "percent_covered_display": "100", "missing_lines": 0, "excluded_lines": 0}, "missing_lines": [], "excluded_lines": []}}}, "src/project_watch_mcp/complexity_analysis/base_analyzer.py": {"executed_lines": [1, 7, 8, 9, 10, 11, 13, 15, 18, 19, 25, 34, 35, 50, 51, 62, 63, 77, 78, 92, 140, 166, 206, 259, 264, 265, 271, 272, 274, 275, 282, 283, 285, 286, 314, 315, 340, 341, 349, 350], "summary": {"covered_lines": 37, "num_statements": 102, "percent_covered": 36.27450980392157, "percent_covered_display": "36", "missing_lines": 65, "excluded_lines": 0}, "missing_lines": [31, 32, 48, 60, 75, 90, 103, 104, 107, 108, 110, 111, 114, 115, 117, 118, 121, 122, 123, 124, 125, 128, 129, 131, 132, 134, 146, 186, 189, 190, 193, 195, 197, 199, 200, 204, 233, 237, 238, 241, 244, 247, 248, 251, 252, 255, 257, 261, 297, 300, 301, 304, 305, 308, 309, 310, 312, 324, 332, 333, 335, 336, 338, 347, 359], "excluded_lines": [], "functions": {"BaseComplexityAnalyzer.__init__": {"executed_lines": [], "summary": {"covered_lines": 0, "num_statements": 2, "percent_covered": 0.0, "percent_covered_display": "0", "missing_lines": 2, "excluded_lines": 0}, "missing_lines": [31, 32], "excluded_lines": []}, "BaseComplexityAnalyzer.analyze_file": {"executed_lines": [], "summary": {"covered_lines": 0, "num_statements": 1, "percent_covered": 0.0, "percent_covered_display": "0", "missing_lines": 1, "excluded_lines": 0}, "missing_lines": [48], "excluded_lines": []}, "BaseComplexityAnalyzer.analyze_code": {"executed_lines": [], "summary": {"covered_lines": 0, "num_statements": 1, "percent_covered": 0.0, "percent_covered_display": "0", "missing_lines": 1, "excluded_lines": 0}, "missing_lines": [60], "excluded_lines": []}, "BaseComplexityAnalyzer.calculate_cyclomatic_complexity": {"executed_lines": [], "summary": {"covered_lines": 0, "num_statements": 1, "percent_covered": 0.0, "percent_covered_display": "0", "missing_lines": 1, "excluded_lines": 0}, "missing_lines": [75], "excluded_lines": []}, "BaseComplexityAnalyzer.calculate_cognitive_complexity": {"executed_lines": [], "summary": {"covered_lines": 0, "num_statements": 1, "percent_covered": 0.0, "percent_covered_display": "0", "missing_lines": 1, "excluded_lines": 0}, "missing_lines": [90], "excluded_lines": []}, "BaseComplexityAnalyzer.validate_analysis": {"executed_lines": [], "summary": {"covered_lines": 0, "num_statements": 20, "percent_covered": 0.0, "percent_covered_display": "0", "missing_lines": 20, "excluded_lines": 0}, "missing_lines": [103, 104, 107, 108, 110, 111, 114, 115, 117, 118, 121, 122, 123, 124, 125, 128, 129, 131, 132, 134], "excluded_lines": []}, "BaseComplexityAnalyzer.get_language_specific_metrics": {"executed_lines": [], "summary": {"covered_lines": 0, "num_statements": 1, "percent_covered": 0.0, "percent_covered_display": "0", "missing_lines": 1, "excluded_lines": 0}, "missing_lines": [146], "excluded_lines": []}, "BaseComplexityAnalyzer.analyze_with_context": {"executed_lines": [], "summary": {"covered_lines": 0, "num_statements": 9, "percent_covered": 0.0, "percent_covered_display": "0", "missing_lines": 9, "excluded_lines": 0}, "missing_lines": [186, 189, 190, 193, 195, 197, 199, 200, 204], "excluded_lines": []}, "BaseComplexityAnalyzer.calculate_maintainability_index": {"executed_lines": [], "summary": {"covered_lines": 0, "num_statements": 11, "percent_covered": 0.0, "percent_covered_display": "0", "missing_lines": 11, "excluded_lines": 0}, "missing_lines": [233, 237, 238, 241, 244, 247, 248, 251, 252, 255, 257], "excluded_lines": []}, "BaseComplexityAnalyzer.clear_cache": {"executed_lines": [], "summary": {"covered_lines": 0, "num_statements": 1, "percent_covered": 0.0, "percent_covered_display": "0", "missing_lines": 1, "excluded_lines": 0}, "missing_lines": [261], "excluded_lines": []}, "AnalyzerRegistry.register": {"executed_lines": [282, 283], "summary": {"covered_lines": 2, "num_statements": 2, "percent_covered": 100.0, "percent_covered_display": "100", "missing_lines": 0, "excluded_lines": 0}, "missing_lines": [], "excluded_lines": []}, "AnalyzerRegistry.get_analyzer": {"executed_lines": [], "summary": {"covered_lines": 0, "num_statements": 9, "percent_covered": 0.0, "percent_covered_display": "0", "missing_lines": 9, "excluded_lines": 0}, "missing_lines": [297, 300, 301, 304, 305, 308, 309, 310, 312], "excluded_lines": []}, "AnalyzerRegistry.get_analyzer_for_file": {"executed_lines": [], "summary": {"covered_lines": 0, "num_statements": 6, "percent_covered": 0.0, "percent_covered_display": "0", "missing_lines": 6, "excluded_lines": 0}, "missing_lines": [324, 332, 333, 335, 336, 338], "excluded_lines": []}, "AnalyzerRegistry.supported_languages": {"executed_lines": [], "summary": {"covered_lines": 0, "num_statements": 1, "percent_covered": 0.0, "percent_covered_display": "0", "missing_lines": 1, "excluded_lines": 0}, "missing_lines": [347], "excluded_lines": []}, "AnalyzerRegistry.is_supported": {"executed_lines": [], "summary": {"covered_lines": 0, "num_statements": 1, "percent_covered": 0.0, "percent_covered_display": "0", "missing_lines": 1, "excluded_lines": 0}, "missing_lines": [359], "excluded_lines": []}, "": {"executed_lines": [1, 7, 8, 9, 10, 11, 13, 15, 18, 19, 25, 34, 35, 50, 51, 62, 63, 77, 78, 92, 140, 166, 206, 259, 264, 265, 271, 272, 274, 275, 285, 286, 314, 315, 340, 341, 349, 350], "summary": {"covered_lines": 35, "num_statements": 35, "percent_covered": 100.0, "percent_covered_display": "100", "missing_lines": 0, "excluded_lines": 0}, "missing_lines": [], "excluded_lines": []}}, "classes": {"BaseComplexityAnalyzer": {"executed_lines": [], "summary": {"covered_lines": 0, "num_statements": 48, "percent_covered": 0.0, "percent_covered_display": "0", "missing_lines": 48, "excluded_lines": 0}, "missing_lines": [31, 32, 48, 60, 75, 90, 103, 104, 107, 108, 110, 111, 114, 115, 117, 118, 121, 122, 123, 124, 125, 128, 129, 131, 132, 134, 146, 186, 189, 190, 193, 195, 197, 199, 200, 204, 233, 237, 238, 241, 244, 247, 248, 251, 252, 255, 257, 261], "excluded_lines": []}, "AnalyzerRegistry": {"executed_lines": [282, 283], "summary": {"covered_lines": 2, "num_statements": 19, "percent_covered": 10.526315789473685, "percent_covered_display": "11", "missing_lines": 17, "excluded_lines": 0}, "missing_lines": [297, 300, 301, 304, 305, 308, 309, 310, 312, 324, 332, 333, 335, 336, 338, 347, 359], "excluded_lines": []}, "": {"executed_lines": [1, 7, 8, 9, 10, 11, 13, 15, 18, 19, 25, 34, 35, 50, 51, 62, 63, 77, 78, 92, 140, 166, 206, 259, 264, 265, 271, 272, 274, 275, 285, 286, 314, 315, 340, 341, 349, 350], "summary": {"covered_lines": 35, "num_statements": 35, "percent_covered": 100.0, "percent_covered_display": "100", "missing_lines": 0, "excluded_lines": 0}, "missing_lines": [], "excluded_lines": []}}}, "src/project_watch_mcp/complexity_analysis/languages/__init__.py": {"executed_lines": [1, 8, 10, 11, 12, 16, 17, 18, 22, 23, 24], "summary": {"covered_lines": 10, "num_statements": 16, "percent_covered": 62.5, "percent_covered_display": "62", "missing_lines": 6, "excluded_lines": 0}, "missing_lines": [13, 14, 19, 20, 25, 26], "excluded_lines": [], "functions": {"": {"executed_lines": [1, 8, 10, 11, 12, 16, 17, 18, 22, 23, 24], "summary": {"covered_lines": 10, "num_statements": 16, "percent_covered": 62.5, "percent_covered_display": "62", "missing_lines": 6, "excluded_lines": 0}, "missing_lines": [13, 14, 19, 20, 25, 26], "excluded_lines": []}}, "classes": {"": {"executed_lines": [1, 8, 10, 11, 12, 16, 17, 18, 22, 23, 24], "summary": {"covered_lines": 10, "num_statements": 16, "percent_covered": 62.5, "percent_covered_display": "62", "missing_lines": 6, "excluded_lines": 0}, "missing_lines": [13, 14, 19, 20, 25, 26], "excluded_lines": []}}}, "src/project_watch_mcp/complexity_analysis/languages/java_analyzer.py": {"executed_lines": [1, 7, 8, 9, 10, 12, 13, 14, 23, 26, 27, 28, 29, 30, 36, 37, 43, 50, 63, 87, 127, 133, 172, 216, 254, 293, 299, 326, 368, 441, 506, 553, 577, 604, 615, 622, 629, 636, 656, 657], "summary": {"covered_lines": 38, "num_statements": 318, "percent_covered": 11.949685534591195, "percent_covered_display": "12", "missing_lines": 280, "excluded_lines": 0}, "missing_lines": [31, 32, 33, 45, 46, 47, 48, 52, 53, 55, 57, 58, 59, 60, 61, 72, 73, 75, 76, 78, 79, 80, 81, 82, 83, 84, 85, 96, 97, 99, 101, 102, 105, 106, 109, 112, 119, 121, 123, 124, 125, 129, 130, 131, 137, 139, 140, 141, 144, 145, 146, 147, 150, 151, 152, 153, 156, 157, 158, 159, 162, 163, 164, 165, 166, 169, 170, 175, 176, 177, 179, 180, 181, 184, 185, 186, 189, 190, 193, 194, 197, 198, 201, 203, 219, 222, 223, 224, 227, 228, 231, 232, 235, 236, 239, 241, 257, 258, 259, 262, 263, 265, 268, 269, 272, 273, 274, 277, 278, 280, 295, 296, 297, 303, 305, 306, 307, 309, 310, 311, 312, 313, 315, 318, 319, 320, 323, 324, 329, 330, 331, 333, 336, 337, 338, 339, 340, 341, 342, 343, 344, 345, 346, 347, 350, 351, 354, 355, 357, 377, 378, 380, 382, 386, 388, 394, 396, 397, 398, 399, 402, 403, 406, 407, 410, 411, 412, 413, 416, 417, 420, 421, 422, 424, 427, 429, 430, 431, 432, 435, 436, 438, 439, 450, 451, 453, 455, 458, 459, 462, 464, 465, 468, 469, 470, 473, 474, 475, 478, 479, 482, 483, 484, 485, 488, 489, 492, 493, 494, 496, 499, 500, 501, 503, 504, 510, 511, 514, 515, 518, 519, 520, 523, 529, 532, 533, 534, 535, 536, 537, 539, 541, 555, 556, 557, 559, 560, 563, 564, 565, 566, 567, 568, 569, 572, 573, 575, 580, 582, 583, 584, 586, 587, 589, 595, 596, 598, 599, 600, 602, 606, 607, 609, 610, 611, 612, 613, 617, 618, 619, 620, 624, 625, 626, 627, 631, 632, 633, 634, 638], "excluded_lines": [], "functions": {"JavaComplexityAnalyzer.__init__": {"executed_lines": [], "summary": {"covered_lines": 0, "num_statements": 4, "percent_covered": 0.0, "percent_covered_display": "0", "missing_lines": 4, "excluded_lines": 0}, "missing_lines": [45, 46, 47, 48], "excluded_lines": []}, "JavaComplexityAnalyzer._init_parser": {"executed_lines": [], "summary": {"covered_lines": 0, "num_statements": 8, "percent_covered": 0.0, "percent_covered_display": "0", "missing_lines": 8, "excluded_lines": 0}, "missing_lines": [52, 53, 55, 57, 58, 59, 60, 61], "excluded_lines": []}, "JavaComplexityAnalyzer.analyze_file": {"executed_lines": [], "summary": {"covered_lines": 0, "num_statements": 12, "percent_covered": 0.0, "percent_covered_display": "0", "missing_lines": 12, "excluded_lines": 0}, "missing_lines": [72, 73, 75, 76, 78, 79, 80, 81, 82, 83, 84, 85], "excluded_lines": []}, "JavaComplexityAnalyzer.analyze_code": {"executed_lines": [], "summary": {"covered_lines": 0, "num_statements": 14, "percent_covered": 0.0, "percent_covered_display": "0", "missing_lines": 14, "excluded_lines": 0}, "missing_lines": [96, 97, 99, 101, 102, 105, 106, 109, 112, 119, 121, 123, 124, 125], "excluded_lines": []}, "JavaComplexityAnalyzer._extract_functions": {"executed_lines": [], "summary": {"covered_lines": 0, "num_statements": 3, "percent_covered": 0.0, "percent_covered_display": "0", "missing_lines": 3, "excluded_lines": 0}, "missing_lines": [129, 130, 131], "excluded_lines": []}, "JavaComplexityAnalyzer._walk_tree_for_functions": {"executed_lines": [], "summary": {"covered_lines": 0, "num_statements": 23, "percent_covered": 0.0, "percent_covered_display": "0", "missing_lines": 23, "excluded_lines": 0}, "missing_lines": [137, 139, 140, 141, 144, 145, 146, 147, 150, 151, 152, 153, 156, 157, 158, 159, 162, 163, 164, 165, 166, 169, 170], "excluded_lines": []}, "JavaComplexityAnalyzer._analyze_method": {"executed_lines": [], "summary": {"covered_lines": 0, "num_statements": 17, "percent_covered": 0.0, "percent_covered_display": "0", "missing_lines": 17, "excluded_lines": 0}, "missing_lines": [175, 176, 177, 179, 180, 181, 184, 185, 186, 189, 190, 193, 194, 197, 198, 201, 203], "excluded_lines": []}, "JavaComplexityAnalyzer._analyze_constructor": {"executed_lines": [], "summary": {"covered_lines": 0, "num_statements": 12, "percent_covered": 0.0, "percent_covered_display": "0", "missing_lines": 12, "excluded_lines": 0}, "missing_lines": [219, 222, 223, 224, 227, 228, 231, 232, 235, 236, 239, 241], "excluded_lines": []}, "JavaComplexityAnalyzer._analyze_lambda": {"executed_lines": [], "summary": {"covered_lines": 0, "num_statements": 14, "percent_covered": 0.0, "percent_covered_display": "0", "missing_lines": 14, "excluded_lines": 0}, "missing_lines": [257, 258, 259, 262, 263, 265, 268, 269, 272, 273, 274, 277, 278, 280], "excluded_lines": []}, "JavaComplexityAnalyzer._extract_classes": {"executed_lines": [], "summary": {"covered_lines": 0, "num_statements": 3, "percent_covered": 0.0, "percent_covered_display": "0", "missing_lines": 3, "excluded_lines": 0}, "missing_lines": [295, 296, 297], "excluded_lines": []}, "JavaComplexityAnalyzer._walk_tree_for_classes": {"executed_lines": [], "summary": {"covered_lines": 0, "num_statements": 15, "percent_covered": 0.0, "percent_covered_display": "0", "missing_lines": 15, "excluded_lines": 0}, "missing_lines": [303, 305, 306, 307, 309, 310, 311, 312, 313, 315, 318, 319, 320, 323, 324], "excluded_lines": []}, "JavaComplexityAnalyzer._analyze_class": {"executed_lines": [], "summary": {"covered_lines": 0, "num_statements": 21, "percent_covered": 0.0, "percent_covered_display": "0", "missing_lines": 21, "excluded_lines": 0}, "missing_lines": [329, 330, 331, 333, 336, 337, 338, 339, 340, 341, 342, 343, 344, 345, 346, 347, 350, 351, 354, 355, 357], "excluded_lines": []}, "JavaComplexityAnalyzer.calculate_cyclomatic_complexity": {"executed_lines": [], "summary": {"covered_lines": 0, "num_statements": 6, "percent_covered": 0.0, "percent_covered_display": "0", "missing_lines": 6, "excluded_lines": 0}, "missing_lines": [377, 378, 380, 382, 438, 439], "excluded_lines": []}, "JavaComplexityAnalyzer.calculate_cyclomatic_complexity.walk_node": {"executed_lines": [], "summary": {"covered_lines": 0, "num_statements": 28, "percent_covered": 0.0, "percent_covered_display": "0", "missing_lines": 28, "excluded_lines": 0}, "missing_lines": [386, 388, 394, 396, 397, 398, 399, 402, 403, 406, 407, 410, 411, 412, 413, 416, 417, 420, 421, 422, 424, 427, 429, 430, 431, 432, 435, 436], "excluded_lines": []}, "JavaComplexityAnalyzer.calculate_cognitive_complexity": {"executed_lines": [], "summary": {"covered_lines": 0, "num_statements": 6, "percent_covered": 0.0, "percent_covered_display": "0", "missing_lines": 6, "excluded_lines": 0}, "missing_lines": [450, 451, 453, 455, 503, 504], "excluded_lines": []}, "JavaComplexityAnalyzer.calculate_cognitive_complexity.walk_node": {"executed_lines": [], "summary": {"covered_lines": 0, "num_statements": 26, "percent_covered": 0.0, "percent_covered_display": "0", "missing_lines": 26, "excluded_lines": 0}, "missing_lines": [458, 459, 462, 464, 465, 468, 469, 470, 473, 474, 475, 478, 479, 482, 483, 484, 485, 488, 489, 492, 493, 494, 496, 499, 500, 501], "excluded_lines": []}, "JavaComplexityAnalyzer._calculate_summary": {"executed_lines": [], "summary": {"covered_lines": 0, "num_statements": 12, "percent_covered": 0.0, "percent_covered_display": "0", "missing_lines": 12, "excluded_lines": 0}, "missing_lines": [510, 511, 514, 515, 518, 519, 520, 523, 529, 532, 539, 541], "excluded_lines": []}, "JavaComplexityAnalyzer._calculate_summary.count_all_classes": {"executed_lines": [], "summary": {"covered_lines": 0, "num_statements": 5, "percent_covered": 0.0, "percent_covered_display": "0", "missing_lines": 5, "excluded_lines": 0}, "missing_lines": [533, 534, 535, 536, 537], "excluded_lines": []}, "JavaComplexityAnalyzer._count_comment_lines": {"executed_lines": [], "summary": {"covered_lines": 0, "num_statements": 15, "percent_covered": 0.0, "percent_covered_display": "0", "missing_lines": 15, "excluded_lines": 0}, "missing_lines": [555, 556, 557, 559, 560, 563, 564, 565, 566, 567, 568, 569, 572, 573, 575], "excluded_lines": []}, "JavaComplexityAnalyzer._calculate_max_depth": {"executed_lines": [], "summary": {"covered_lines": 0, "num_statements": 13, "percent_covered": 0.0, "percent_covered_display": "0", "missing_lines": 13, "excluded_lines": 0}, "missing_lines": [580, 582, 583, 584, 586, 587, 589, 595, 596, 598, 599, 600, 602], "excluded_lines": []}, "JavaComplexityAnalyzer._count_parameters": {"executed_lines": [], "summary": {"covered_lines": 0, "num_statements": 7, "percent_covered": 0.0, "percent_covered_display": "0", "missing_lines": 7, "excluded_lines": 0}, "missing_lines": [606, 607, 609, 610, 611, 612, 613], "excluded_lines": []}, "JavaComplexityAnalyzer._find_child_by_type": {"executed_lines": [], "summary": {"covered_lines": 0, "num_statements": 4, "percent_covered": 0.0, "percent_covered_display": "0", "missing_lines": 4, "excluded_lines": 0}, "missing_lines": [617, 618, 619, 620], "excluded_lines": []}, "JavaComplexityAnalyzer._get_binary_operator": {"executed_lines": [], "summary": {"covered_lines": 0, "num_statements": 4, "percent_covered": 0.0, "percent_covered_display": "0", "missing_lines": 4, "excluded_lines": 0}, "missing_lines": [624, 625, 626, 627], "excluded_lines": []}, "JavaComplexityAnalyzer._get_method_name": {"executed_lines": [], "summary": {"covered_lines": 0, "num_statements": 4, "percent_covered": 0.0, "percent_covered_display": "0", "missing_lines": 4, "excluded_lines": 0}, "missing_lines": [631, 632, 633, 634], "excluded_lines": []}, "JavaComplexityAnalyzer._create_error_result": {"executed_lines": [], "summary": {"covered_lines": 0, "num_statements": 1, "percent_covered": 0.0, "percent_covered_display": "0", "missing_lines": 1, "excluded_lines": 0}, "missing_lines": [638], "excluded_lines": []}, "": {"executed_lines": [1, 7, 8, 9, 10, 12, 13, 14, 23, 26, 27, 28, 29, 30, 36, 37, 43, 50, 63, 87, 127, 133, 172, 216, 254, 293, 299, 326, 368, 441, 506, 553, 577, 604, 615, 622, 629, 636, 656, 657], "summary": {"covered_lines": 38, "num_statements": 41, "percent_covered": 92.6829268292683, "percent_covered_display": "93", "missing_lines": 3, "excluded_lines": 0}, "missing_lines": [31, 32, 33], "excluded_lines": []}}, "classes": {"JavaComplexityAnalyzer": {"executed_lines": [], "summary": {"covered_lines": 0, "num_statements": 277, "percent_covered": 0.0, "percent_covered_display": "0", "missing_lines": 277, "excluded_lines": 0}, "missing_lines": [45, 46, 47, 48, 52, 53, 55, 57, 58, 59, 60, 61, 72, 73, 75, 76, 78, 79, 80, 81, 82, 83, 84, 85, 96, 97, 99, 101, 102, 105, 106, 109, 112, 119, 121, 123, 124, 125, 129, 130, 131, 137, 139, 140, 141, 144, 145, 146, 147, 150, 151, 152, 153, 156, 157, 158, 159, 162, 163, 164, 165, 166, 169, 170, 175, 176, 177, 179, 180, 181, 184, 185, 186, 189, 190, 193, 194, 197, 198, 201, 203, 219, 222, 223, 224, 227, 228, 231, 232, 235, 236, 239, 241, 257, 258, 259, 262, 263, 265, 268, 269, 272, 273, 274, 277, 278, 280, 295, 296, 297, 303, 305, 306, 307, 309, 310, 311, 312, 313, 315, 318, 319, 320, 323, 324, 329, 330, 331, 333, 336, 337, 338, 339, 340, 341, 342, 343, 344, 345, 346, 347, 350, 351, 354, 355, 357, 377, 378, 380, 382, 386, 388, 394, 396, 397, 398, 399, 402, 403, 406, 407, 410, 411, 412, 413, 416, 417, 420, 421, 422, 424, 427, 429, 430, 431, 432, 435, 436, 438, 439, 450, 451, 453, 455, 458, 459, 462, 464, 465, 468, 469, 470, 473, 474, 475, 478, 479, 482, 483, 484, 485, 488, 489, 492, 493, 494, 496, 499, 500, 501, 503, 504, 510, 511, 514, 515, 518, 519, 520, 523, 529, 532, 533, 534, 535, 536, 537, 539, 541, 555, 556, 557, 559, 560, 563, 564, 565, 566, 567, 568, 569, 572, 573, 575, 580, 582, 583, 584, 586, 587, 589, 595, 596, 598, 599, 600, 602, 606, 607, 609, 610, 611, 612, 613, 617, 618, 619, 620, 624, 625, 626, 627, 631, 632, 633, 634, 638], "excluded_lines": []}, "": {"executed_lines": [1, 7, 8, 9, 10, 12, 13, 14, 23, 26, 27, 28, 29, 30, 36, 37, 43, 50, 63, 87, 127, 133, 172, 216, 254, 293, 299, 326, 368, 441, 506, 553, 577, 604, 615, 622, 629, 636, 656, 657], "summary": {"covered_lines": 38, "num_statements": 41, "percent_covered": 92.6829268292683, "percent_covered_display": "93", "missing_lines": 3, "excluded_lines": 0}, "missing_lines": [31, 32, 33], "excluded_lines": []}}}, "src/project_watch_mcp/complexity_analysis/languages/kotlin_analyzer.py": {"executed_lines": [1, 12, 13, 14, 15, 17, 18, 19, 28, 31, 34, 35, 46, 82, 94, 96, 103, 105, 234, 365, 366, 414, 415, 465, 518, 519, 617, 618, 725, 726, 776, 807, 832, 872, 873], "summary": {"covered_lines": 33, "num_statements": 325, "percent_covered": 10.153846153846153, "percent_covered_display": "10", "missing_lines": 292, "excluded_lines": 0}, "missing_lines": [48, 49, 50, 51, 54, 88, 89, 97, 98, 99, 100, 102, 115, 116, 119, 120, 125, 126, 143, 144, 148, 149, 165, 167, 169, 170, 171, 172, 173, 174, 178, 179, 194, 195, 196, 197, 212, 213, 217, 218, 243, 245, 248, 249, 250, 253, 256, 259, 260, 261, 264, 265, 267, 270, 273, 280, 282, 294, 303, 305, 307, 308, 309, 310, 325, 326, 327, 328, 343, 344, 348, 349, 378, 379, 381, 382, 384, 386, 387, 388, 389, 390, 393, 394, 396, 397, 398, 400, 402, 405, 407, 408, 410, 412, 427, 428, 430, 431, 432, 434, 436, 438, 439, 442, 443, 446, 447, 448, 451, 452, 455, 456, 458, 459, 461, 463, 476, 478, 479, 482, 483, 484, 485, 491, 492, 493, 494, 500, 501, 503, 505, 506, 507, 508, 513, 515, 516, 528, 530, 532, 535, 536, 537, 540, 541, 544, 545, 547, 548, 551, 552, 555, 556, 559, 562, 563, 566, 567, 568, 569, 570, 571, 573, 574, 577, 578, 579, 582, 583, 584, 585, 586, 588, 591, 593, 606, 608, 610, 611, 612, 615, 627, 629, 630, 633, 634, 635, 638, 641, 644, 645, 646, 649, 650, 653, 654, 657, 658, 659, 660, 662, 663, 664, 666, 678, 679, 682, 685, 686, 687, 688, 691, 693, 698, 699, 700, 702, 704, 714, 716, 718, 719, 720, 723, 737, 738, 740, 742, 743, 745, 746, 748, 749, 750, 751, 754, 755, 757, 758, 759, 760, 761, 762, 763, 764, 767, 768, 769, 771, 772, 774, 785, 786, 787, 789, 790, 791, 792, 793, 794, 797, 798, 799, 801, 803, 804, 805, 816, 818, 821, 824, 826, 827, 830, 841, 842, 843, 844, 846, 847, 849, 850, 853, 854, 857, 858, 861, 862, 864, 866, 867, 868], "excluded_lines": [], "functions": {"KotlinComplexityAnalyzer.__init__": {"executed_lines": [], "summary": {"covered_lines": 0, "num_statements": 5, "percent_covered": 0.0, "percent_covered_display": "0", "missing_lines": 5, "excluded_lines": 0}, "missing_lines": [48, 49, 50, 51, 54], "excluded_lines": []}, "KotlinComplexityAnalyzer._check_recursion_depth": {"executed_lines": [], "summary": {"covered_lines": 0, "num_statements": 2, "percent_covered": 0.0, "percent_covered_display": "0", "missing_lines": 2, "excluded_lines": 0}, "missing_lines": [88, 89], "excluded_lines": []}, "KotlinComplexityAnalyzer._with_recursion_tracking": {"executed_lines": [96, 103], "summary": {"covered_lines": 2, "num_statements": 2, "percent_covered": 100.0, "percent_covered_display": "100", "missing_lines": 0, "excluded_lines": 0}, "missing_lines": [], "excluded_lines": []}, "KotlinComplexityAnalyzer._with_recursion_tracking.wrapper": {"executed_lines": [], "summary": {"covered_lines": 0, "num_statements": 5, "percent_covered": 0.0, "percent_covered_display": "0", "missing_lines": 5, "excluded_lines": 0}, "missing_lines": [97, 98, 99, 100, 102], "excluded_lines": []}, "KotlinComplexityAnalyzer.analyze_file": {"executed_lines": [], "summary": {"covered_lines": 0, "num_statements": 28, "percent_covered": 0.0, "percent_covered_display": "0", "missing_lines": 28, "excluded_lines": 0}, "missing_lines": [115, 116, 119, 120, 125, 126, 143, 144, 148, 149, 165, 167, 169, 170, 171, 172, 173, 174, 178, 179, 194, 195, 196, 197, 212, 213, 217, 218], "excluded_lines": []}, "KotlinComplexityAnalyzer.analyze_code": {"executed_lines": [], "summary": {"covered_lines": 0, "num_statements": 32, "percent_covered": 0.0, "percent_covered_display": "0", "missing_lines": 32, "excluded_lines": 0}, "missing_lines": [243, 245, 248, 249, 250, 253, 256, 259, 260, 261, 264, 265, 267, 270, 273, 280, 282, 294, 303, 305, 307, 308, 309, 310, 325, 326, 327, 328, 343, 344, 348, 349], "excluded_lines": []}, "KotlinComplexityAnalyzer.calculate_cyclomatic_complexity": {"executed_lines": [], "summary": {"covered_lines": 0, "num_statements": 22, "percent_covered": 0.0, "percent_covered_display": "0", "missing_lines": 22, "excluded_lines": 0}, "missing_lines": [378, 379, 381, 382, 384, 386, 387, 388, 389, 390, 393, 394, 396, 397, 398, 400, 402, 405, 407, 408, 410, 412], "excluded_lines": []}, "KotlinComplexityAnalyzer.calculate_cognitive_complexity": {"executed_lines": [], "summary": {"covered_lines": 0, "num_statements": 22, "percent_covered": 0.0, "percent_covered_display": "0", "missing_lines": 22, "excluded_lines": 0}, "missing_lines": [427, 428, 430, 431, 432, 434, 436, 438, 439, 442, 443, 446, 447, 448, 451, 452, 455, 456, 458, 459, 461, 463], "excluded_lines": []}, "KotlinComplexityAnalyzer._validate_kotlin_syntax": {"executed_lines": [], "summary": {"covered_lines": 0, "num_statements": 21, "percent_covered": 0.0, "percent_covered_display": "0", "missing_lines": 21, "excluded_lines": 0}, "missing_lines": [476, 478, 479, 482, 483, 484, 485, 491, 492, 493, 494, 500, 501, 503, 505, 506, 507, 508, 513, 515, 516], "excluded_lines": []}, "KotlinComplexityAnalyzer._extract_functions": {"executed_lines": [], "summary": {"covered_lines": 0, "num_statements": 44, "percent_covered": 0.0, "percent_covered_display": "0", "missing_lines": 44, "excluded_lines": 0}, "missing_lines": [528, 530, 532, 535, 536, 537, 540, 541, 544, 545, 547, 548, 551, 552, 555, 556, 559, 562, 563, 566, 567, 568, 569, 570, 571, 573, 574, 577, 578, 579, 582, 583, 584, 585, 586, 588, 591, 593, 606, 608, 610, 611, 612, 615], "excluded_lines": []}, "KotlinComplexityAnalyzer._extract_classes": {"executed_lines": [], "summary": {"covered_lines": 0, "num_statements": 43, "percent_covered": 0.0, "percent_covered_display": "0", "missing_lines": 43, "excluded_lines": 0}, "missing_lines": [627, 629, 630, 633, 634, 635, 638, 641, 644, 645, 646, 649, 650, 653, 654, 657, 658, 659, 660, 662, 663, 664, 666, 678, 679, 682, 685, 686, 687, 688, 691, 693, 698, 699, 700, 702, 704, 714, 716, 718, 719, 720, 723], "excluded_lines": []}, "KotlinComplexityAnalyzer._extract_block": {"executed_lines": [], "summary": {"covered_lines": 0, "num_statements": 27, "percent_covered": 0.0, "percent_covered_display": "0", "missing_lines": 27, "excluded_lines": 0}, "missing_lines": [737, 738, 740, 742, 743, 745, 746, 748, 749, 750, 751, 754, 755, 757, 758, 759, 760, 761, 762, 763, 764, 767, 768, 769, 771, 772, 774], "excluded_lines": []}, "KotlinComplexityAnalyzer._calculate_max_nesting": {"executed_lines": [], "summary": {"covered_lines": 0, "num_statements": 16, "percent_covered": 0.0, "percent_covered_display": "0", "missing_lines": 16, "excluded_lines": 0}, "missing_lines": [785, 786, 787, 789, 790, 791, 792, 793, 794, 797, 798, 799, 801, 803, 804, 805], "excluded_lines": []}, "KotlinComplexityAnalyzer._remove_comments": {"executed_lines": [], "summary": {"covered_lines": 0, "num_statements": 7, "percent_covered": 0.0, "percent_covered_display": "0", "missing_lines": 7, "excluded_lines": 0}, "missing_lines": [816, 818, 821, 824, 826, 827, 830], "excluded_lines": []}, "KotlinComplexityAnalyzer._calculate_comment_ratio": {"executed_lines": [], "summary": {"covered_lines": 0, "num_statements": 18, "percent_covered": 0.0, "percent_covered_display": "0", "missing_lines": 18, "excluded_lines": 0}, "missing_lines": [841, 842, 843, 844, 846, 847, 849, 850, 853, 854, 857, 858, 861, 862, 864, 866, 867, 868], "excluded_lines": []}, "": {"executed_lines": [1, 12, 13, 14, 15, 17, 18, 19, 28, 31, 34, 35, 46, 82, 94, 105, 234, 365, 366, 414, 415, 465, 518, 519, 617, 618, 725, 726, 776, 807, 832, 872, 873], "summary": {"covered_lines": 31, "num_statements": 31, "percent_covered": 100.0, "percent_covered_display": "100", "missing_lines": 0, "excluded_lines": 0}, "missing_lines": [], "excluded_lines": []}}, "classes": {"KotlinComplexityAnalyzer": {"executed_lines": [96, 103], "summary": {"covered_lines": 2, "num_statements": 294, "percent_covered": 0.6802721088435374, "percent_covered_display": "1", "missing_lines": 292, "excluded_lines": 0}, "missing_lines": [48, 49, 50, 51, 54, 88, 89, 97, 98, 99, 100, 102, 115, 116, 119, 120, 125, 126, 143, 144, 148, 149, 165, 167, 169, 170, 171, 172, 173, 174, 178, 179, 194, 195, 196, 197, 212, 213, 217, 218, 243, 245, 248, 249, 250, 253, 256, 259, 260, 261, 264, 265, 267, 270, 273, 280, 282, 294, 303, 305, 307, 308, 309, 310, 325, 326, 327, 328, 343, 344, 348, 349, 378, 379, 381, 382, 384, 386, 387, 388, 389, 390, 393, 394, 396, 397, 398, 400, 402, 405, 407, 408, 410, 412, 427, 428, 430, 431, 432, 434, 436, 438, 439, 442, 443, 446, 447, 448, 451, 452, 455, 456, 458, 459, 461, 463, 476, 478, 479, 482, 483, 484, 485, 491, 492, 493, 494, 500, 501, 503, 505, 506, 507, 508, 513, 515, 516, 528, 530, 532, 535, 536, 537, 540, 541, 544, 545, 547, 548, 551, 552, 555, 556, 559, 562, 563, 566, 567, 568, 569, 570, 571, 573, 574, 577, 578, 579, 582, 583, 584, 585, 586, 588, 591, 593, 606, 608, 610, 611, 612, 615, 627, 629, 630, 633, 634, 635, 638, 641, 644, 645, 646, 649, 650, 653, 654, 657, 658, 659, 660, 662, 663, 664, 666, 678, 679, 682, 685, 686, 687, 688, 691, 693, 698, 699, 700, 702, 704, 714, 716, 718, 719, 720, 723, 737, 738, 740, 742, 743, 745, 746, 748, 749, 750, 751, 754, 755, 757, 758, 759, 760, 761, 762, 763, 764, 767, 768, 769, 771, 772, 774, 785, 786, 787, 789, 790, 791, 792, 793, 794, 797, 798, 799, 801, 803, 804, 805, 816, 818, 821, 824, 826, 827, 830, 841, 842, 843, 844, 846, 847, 849, 850, 853, 854, 857, 858, 861, 862, 864, 866, 867, 868], "excluded_lines": []}, "": {"executed_lines": [1, 12, 13, 14, 15, 17, 18, 19, 28, 31, 34, 35, 46, 82, 94, 105, 234, 365, 366, 414, 415, 465, 518, 519, 617, 618, 725, 726, 776, 807, 832, 872, 873], "summary": {"covered_lines": 31, "num_statements": 31, "percent_covered": 100.0, "percent_covered_display": "100", "missing_lines": 0, "excluded_lines": 0}, "missing_lines": [], "excluded_lines": []}}}, "src/project_watch_mcp/complexity_analysis/languages/kotlin_analyzer_old.py": {"executed_lines": [], "summary": {"covered_lines": 0, "num_statements": 242, "percent_covered": 0.0, "percent_covered_display": "0", "missing_lines": 242, "excluded_lines": 0}, "missing_lines": [8, 9, 10, 11, 13, 14, 15, 24, 27, 39, 41, 42, 45, 73, 82, 83, 85, 86, 88, 89, 90, 91, 92, 93, 94, 95, 111, 120, 122, 123, 126, 129, 132, 133, 134, 137, 138, 140, 143, 146, 153, 155, 167, 176, 178, 180, 181, 196, 197, 198, 214, 226, 227, 229, 230, 233, 234, 235, 236, 237, 240, 241, 243, 244, 245, 247, 249, 252, 254, 256, 268, 269, 271, 272, 273, 276, 278, 279, 282, 283, 286, 287, 290, 291, 293, 295, 307, 308, 311, 312, 313, 314, 317, 318, 319, 320, 323, 324, 326, 328, 330, 332, 333, 334, 335, 337, 339, 348, 351, 354, 355, 356, 359, 360, 363, 364, 366, 367, 370, 371, 375, 376, 379, 382, 383, 387, 388, 389, 390, 391, 392, 394, 395, 398, 399, 400, 403, 404, 405, 406, 407, 409, 412, 414, 427, 429, 431, 440, 441, 444, 445, 446, 449, 452, 455, 456, 457, 460, 461, 464, 465, 468, 469, 470, 471, 473, 474, 475, 477, 489, 490, 493, 496, 497, 498, 499, 502, 505, 510, 511, 512, 514, 516, 526, 528, 530, 541, 542, 545, 546, 548, 549, 551, 552, 553, 554, 557, 558, 560, 561, 562, 563, 564, 565, 566, 567, 569, 571, 581, 582, 584, 585, 586, 587, 588, 589, 590, 591, 592, 594, 596, 606, 609, 612, 614, 616, 625, 626, 627, 629, 630, 632, 633, 636, 637, 640, 641, 644, 645, 647, 651, 652], "excluded_lines": [], "functions": {"KotlinComplexityAnalyzer.__init__": {"executed_lines": [], "summary": {"covered_lines": 0, "num_statements": 3, "percent_covered": 0.0, "percent_covered_display": "0", "missing_lines": 3, "excluded_lines": 0}, "missing_lines": [41, 42, 45], "excluded_lines": []}, "KotlinComplexityAnalyzer.analyze_file": {"executed_lines": [], "summary": {"covered_lines": 0, "num_statements": 12, "percent_covered": 0.0, "percent_covered_display": "0", "missing_lines": 12, "excluded_lines": 0}, "missing_lines": [82, 83, 85, 86, 88, 89, 90, 91, 92, 93, 94, 95], "excluded_lines": []}, "KotlinComplexityAnalyzer.analyze_code": {"executed_lines": [], "summary": {"covered_lines": 0, "num_statements": 23, "percent_covered": 0.0, "percent_covered_display": "0", "missing_lines": 23, "excluded_lines": 0}, "missing_lines": [120, 122, 123, 126, 129, 132, 133, 134, 137, 138, 140, 143, 146, 153, 155, 167, 176, 178, 180, 181, 196, 197, 198], "excluded_lines": []}, "KotlinComplexityAnalyzer.calculate_cyclomatic_complexity": {"executed_lines": [], "summary": {"covered_lines": 0, "num_statements": 18, "percent_covered": 0.0, "percent_covered_display": "0", "missing_lines": 18, "excluded_lines": 0}, "missing_lines": [226, 227, 229, 230, 233, 234, 235, 236, 237, 240, 241, 243, 244, 245, 247, 249, 252, 254], "excluded_lines": []}, "KotlinComplexityAnalyzer.calculate_cognitive_complexity": {"executed_lines": [], "summary": {"covered_lines": 0, "num_statements": 15, "percent_covered": 0.0, "percent_covered_display": "0", "missing_lines": 15, "excluded_lines": 0}, "missing_lines": [268, 269, 271, 272, 273, 276, 278, 279, 282, 283, 286, 287, 290, 291, 293], "excluded_lines": []}, "KotlinComplexityAnalyzer._validate_kotlin_syntax": {"executed_lines": [], "summary": {"covered_lines": 0, "num_statements": 20, "percent_covered": 0.0, "percent_covered_display": "0", "missing_lines": 20, "excluded_lines": 0}, "missing_lines": [307, 308, 311, 312, 313, 314, 317, 318, 319, 320, 323, 324, 326, 328, 330, 332, 333, 334, 335, 337], "excluded_lines": []}, "KotlinComplexityAnalyzer._extract_functions": {"executed_lines": [], "summary": {"covered_lines": 0, "num_statements": 39, "percent_covered": 0.0, "percent_covered_display": "0", "missing_lines": 39, "excluded_lines": 0}, "missing_lines": [348, 351, 354, 355, 356, 359, 360, 363, 364, 366, 367, 370, 371, 375, 376, 379, 382, 383, 387, 388, 389, 390, 391, 392, 394, 395, 398, 399, 400, 403, 404, 405, 406, 407, 409, 412, 414, 427, 429], "excluded_lines": []}, "KotlinComplexityAnalyzer._extract_classes": {"executed_lines": [], "summary": {"covered_lines": 0, "num_statements": 38, "percent_covered": 0.0, "percent_covered_display": "0", "missing_lines": 38, "excluded_lines": 0}, "missing_lines": [440, 441, 444, 445, 446, 449, 452, 455, 456, 457, 460, 461, 464, 465, 468, 469, 470, 471, 473, 474, 475, 477, 489, 490, 493, 496, 497, 498, 499, 502, 505, 510, 511, 512, 514, 516, 526, 528], "excluded_lines": []}, "KotlinComplexityAnalyzer._extract_block": {"executed_lines": [], "summary": {"covered_lines": 0, "num_statements": 21, "percent_covered": 0.0, "percent_covered_display": "0", "missing_lines": 21, "excluded_lines": 0}, "missing_lines": [541, 542, 545, 546, 548, 549, 551, 552, 553, 554, 557, 558, 560, 561, 562, 563, 564, 565, 566, 567, 569], "excluded_lines": []}, "KotlinComplexityAnalyzer._calculate_max_nesting": {"executed_lines": [], "summary": {"covered_lines": 0, "num_statements": 12, "percent_covered": 0.0, "percent_covered_display": "0", "missing_lines": 12, "excluded_lines": 0}, "missing_lines": [581, 582, 584, 585, 586, 587, 588, 589, 590, 591, 592, 594], "excluded_lines": []}, "KotlinComplexityAnalyzer._remove_comments": {"executed_lines": [], "summary": {"covered_lines": 0, "num_statements": 4, "percent_covered": 0.0, "percent_covered_display": "0", "missing_lines": 4, "excluded_lines": 0}, "missing_lines": [606, 609, 612, 614], "excluded_lines": []}, "KotlinComplexityAnalyzer._calculate_comment_ratio": {"executed_lines": [], "summary": {"covered_lines": 0, "num_statements": 14, "percent_covered": 0.0, "percent_covered_display": "0", "missing_lines": 14, "excluded_lines": 0}, "missing_lines": [625, 626, 627, 629, 630, 632, 633, 636, 637, 640, 641, 644, 645, 647], "excluded_lines": []}, "": {"executed_lines": [], "summary": {"covered_lines": 0, "num_statements": 23, "percent_covered": 0.0, "percent_covered_display": "0", "missing_lines": 23, "excluded_lines": 0}, "missing_lines": [8, 9, 10, 11, 13, 14, 15, 24, 27, 39, 73, 111, 214, 256, 295, 339, 431, 530, 571, 596, 616, 651, 652], "excluded_lines": []}}, "classes": {"KotlinComplexityAnalyzer": {"executed_lines": [], "summary": {"covered_lines": 0, "num_statements": 219, "percent_covered": 0.0, "percent_covered_display": "0", "missing_lines": 219, "excluded_lines": 0}, "missing_lines": [41, 42, 45, 82, 83, 85, 86, 88, 89, 90, 91, 92, 93, 94, 95, 120, 122, 123, 126, 129, 132, 133, 134, 137, 138, 140, 143, 146, 153, 155, 167, 176, 178, 180, 181, 196, 197, 198, 226, 227, 229, 230, 233, 234, 235, 236, 237, 240, 241, 243, 244, 245, 247, 249, 252, 254, 268, 269, 271, 272, 273, 276, 278, 279, 282, 283, 286, 287, 290, 291, 293, 307, 308, 311, 312, 313, 314, 317, 318, 319, 320, 323, 324, 326, 328, 330, 332, 333, 334, 335, 337, 348, 351, 354, 355, 356, 359, 360, 363, 364, 366, 367, 370, 371, 375, 376, 379, 382, 383, 387, 388, 389, 390, 391, 392, 394, 395, 398, 399, 400, 403, 404, 405, 406, 407, 409, 412, 414, 427, 429, 440, 441, 444, 445, 446, 449, 452, 455, 456, 457, 460, 461, 464, 465, 468, 469, 470, 471, 473, 474, 475, 477, 489, 490, 493, 496, 497, 498, 499, 502, 505, 510, 511, 512, 514, 516, 526, 528, 541, 542, 545, 546, 548, 549, 551, 552, 553, 554, 557, 558, 560, 561, 562, 563, 564, 565, 566, 567, 569, 581, 582, 584, 585, 586, 587, 588, 589, 590, 591, 592, 594, 606, 609, 612, 614, 625, 626, 627, 629, 630, 632, 633, 636, 637, 640, 641, 644, 645, 647], "excluded_lines": []}, "": {"executed_lines": [], "summary": {"covered_lines": 0, "num_statements": 23, "percent_covered": 0.0, "percent_covered_display": "0", "missing_lines": 23, "excluded_lines": 0}, "missing_lines": [8, 9, 10, 11, 13, 14, 15, 24, 27, 39, 73, 111, 214, 256, 295, 339, 431, 530, 571, 596, 616, 651, 652], "excluded_lines": []}}}, "src/project_watch_mcp/complexity_analysis/languages/python_analyzer.py": {"executed_lines": [1, 8, 9, 10, 11, 13, 14, 15, 24, 27, 28, 29, 30, 36, 37, 43, 48, 86, 100, 205, 293, 315, 319, 374, 399, 420, 428, 482, 483, 485, 490, 494, 499, 506, 567, 568, 570, 578, 613, 648, 656, 680, 689, 751, 758, 821, 823], "summary": {"covered_lines": 43, "num_statements": 378, "percent_covered": 11.375661375661375, "percent_covered_display": "11", "missing_lines": 335, "excluded_lines": 0}, "missing_lines": [31, 32, 33, 45, 46, 57, 58, 60, 61, 63, 64, 65, 66, 67, 68, 69, 70, 95, 96, 98, 102, 104, 107, 110, 111, 112, 115, 116, 117, 119, 120, 121, 124, 125, 128, 130, 153, 156, 159, 160, 162, 175, 184, 186, 188, 189, 207, 208, 211, 212, 215, 216, 217, 242, 245, 246, 247, 249, 255, 266, 273, 274, 276, 277, 295, 296, 298, 300, 301, 302, 303, 304, 305, 306, 307, 309, 310, 312, 313, 317, 321, 322, 325, 327, 328, 331, 332, 335, 337, 339, 342, 346, 347, 349, 350, 353, 355, 356, 357, 359, 361, 363, 365, 366, 369, 370, 372, 378, 379, 381, 382, 383, 384, 387, 388, 391, 392, 394, 395, 397, 401, 403, 404, 407, 408, 410, 411, 412, 413, 414, 416, 417, 418, 422, 423, 424, 425, 426, 431, 432, 435, 437, 439, 440, 442, 443, 444, 446, 447, 448, 449, 452, 454, 456, 468, 471, 472, 474, 476, 477, 478, 479, 486, 487, 488, 492, 496, 497, 501, 502, 503, 504, 508, 509, 512, 513, 515, 517, 532, 533, 534, 535, 536, 537, 538, 541, 542, 543, 544, 545, 546, 547, 548, 550, 551, 552, 553, 554, 555, 556, 557, 558, 559, 560, 562, 563, 564, 571, 572, 573, 574, 575, 576, 580, 581, 582, 585, 586, 588, 591, 593, 605, 606, 607, 608, 610, 611, 615, 616, 617, 620, 621, 623, 626, 628, 640, 641, 642, 643, 645, 646, 650, 651, 652, 653, 654, 658, 660, 661, 662, 663, 664, 665, 667, 668, 670, 672, 673, 674, 676, 678, 682, 684, 685, 687, 691, 693, 695, 696, 698, 700, 701, 703, 704, 707, 711, 712, 713, 714, 715, 717, 718, 720, 721, 723, 724, 725, 726, 727, 728, 729, 731, 732, 733, 734, 736, 737, 738, 739, 741, 742, 746, 747, 749, 753, 754, 755, 756, 760, 774, 775, 776, 779, 780, 781, 782, 783, 784, 785, 788, 790, 791, 794, 795, 798, 799, 802, 803, 806, 807, 810, 811, 814, 815, 817], "excluded_lines": [], "functions": {"PythonComplexityAnalyzer.__init__": {"executed_lines": [], "summary": {"covered_lines": 0, "num_statements": 2, "percent_covered": 0.0, "percent_covered_display": "0", "missing_lines": 2, "excluded_lines": 0}, "missing_lines": [45, 46], "excluded_lines": []}, "PythonComplexityAnalyzer.analyze_file": {"executed_lines": [], "summary": {"covered_lines": 0, "num_statements": 12, "percent_covered": 0.0, "percent_covered_display": "0", "missing_lines": 12, "excluded_lines": 0}, "missing_lines": [57, 58, 60, 61, 63, 64, 65, 66, 67, 68, 69, 70], "excluded_lines": []}, "PythonComplexityAnalyzer.analyze_code": {"executed_lines": [], "summary": {"covered_lines": 0, "num_statements": 3, "percent_covered": 0.0, "percent_covered_display": "0", "missing_lines": 3, "excluded_lines": 0}, "missing_lines": [95, 96, 98], "excluded_lines": []}, "PythonComplexityAnalyzer._analyze_with_radon": {"executed_lines": [], "summary": {"covered_lines": 0, "num_statements": 26, "percent_covered": 0.0, "percent_covered_display": "0", "missing_lines": 26, "excluded_lines": 0}, "missing_lines": [102, 104, 107, 110, 111, 112, 115, 116, 117, 119, 120, 121, 124, 125, 128, 130, 153, 156, 159, 160, 162, 175, 184, 186, 188, 189], "excluded_lines": []}, "PythonComplexityAnalyzer._analyze_with_ast": {"executed_lines": [], "summary": {"covered_lines": 0, "num_statements": 18, "percent_covered": 0.0, "percent_covered_display": "0", "missing_lines": 18, "excluded_lines": 0}, "missing_lines": [207, 208, 211, 212, 215, 216, 217, 242, 245, 246, 247, 249, 255, 266, 273, 274, 276, 277], "excluded_lines": []}, "PythonComplexityAnalyzer.calculate_cyclomatic_complexity": {"executed_lines": [], "summary": {"covered_lines": 0, "num_statements": 15, "percent_covered": 0.0, "percent_covered_display": "0", "missing_lines": 15, "excluded_lines": 0}, "missing_lines": [295, 296, 298, 300, 301, 302, 303, 304, 305, 306, 307, 309, 310, 312, 313], "excluded_lines": []}, "PythonComplexityAnalyzer.calculate_cognitive_complexity": {"executed_lines": [], "summary": {"covered_lines": 0, "num_statements": 1, "percent_covered": 0.0, "percent_covered_display": "0", "missing_lines": 1, "excluded_lines": 0}, "missing_lines": [317], "excluded_lines": []}, "PythonComplexityAnalyzer._calculate_cognitive_recursive": {"executed_lines": [], "summary": {"covered_lines": 0, "num_statements": 27, "percent_covered": 0.0, "percent_covered_display": "0", "missing_lines": 27, "excluded_lines": 0}, "missing_lines": [321, 322, 325, 327, 328, 331, 332, 335, 337, 339, 342, 346, 347, 349, 350, 353, 355, 356, 357, 359, 361, 363, 365, 366, 369, 370, 372], "excluded_lines": []}, "PythonComplexityAnalyzer._estimate_cognitive_complexity": {"executed_lines": [], "summary": {"covered_lines": 0, "num_statements": 13, "percent_covered": 0.0, "percent_covered_display": "0", "missing_lines": 13, "excluded_lines": 0}, "missing_lines": [378, 379, 381, 382, 383, 384, 387, 388, 391, 392, 394, 395, 397], "excluded_lines": []}, "PythonComplexityAnalyzer._calculate_nesting_depth": {"executed_lines": [], "summary": {"covered_lines": 0, "num_statements": 13, "percent_covered": 0.0, "percent_covered_display": "0", "missing_lines": 13, "excluded_lines": 0}, "missing_lines": [401, 403, 404, 407, 408, 410, 411, 412, 413, 414, 416, 417, 418], "excluded_lines": []}, "PythonComplexityAnalyzer._count_classes": {"executed_lines": [], "summary": {"covered_lines": 0, "num_statements": 5, "percent_covered": 0.0, "percent_covered_display": "0", "missing_lines": 5, "excluded_lines": 0}, "missing_lines": [422, 423, 424, 425, 426], "excluded_lines": []}, "PythonComplexityAnalyzer._extract_classes": {"executed_lines": [], "summary": {"covered_lines": 0, "num_statements": 7, "percent_covered": 0.0, "percent_covered_display": "0", "missing_lines": 7, "excluded_lines": 0}, "missing_lines": [431, 432, 435, 476, 477, 478, 479], "excluded_lines": []}, "PythonComplexityAnalyzer._extract_classes.extract_class_hierarchy": {"executed_lines": [], "summary": {"covered_lines": 0, "num_statements": 17, "percent_covered": 0.0, "percent_covered_display": "0", "missing_lines": 17, "excluded_lines": 0}, "missing_lines": [437, 439, 440, 442, 443, 444, 446, 447, 448, 449, 452, 454, 456, 468, 471, 472, 474], "excluded_lines": []}, "FeatureExtractor.__init__": {"executed_lines": [], "summary": {"covered_lines": 0, "num_statements": 3, "percent_covered": 0.0, "percent_covered_display": "0", "missing_lines": 3, "excluded_lines": 0}, "missing_lines": [486, 487, 488], "excluded_lines": []}, "FeatureExtractor.visit_FunctionDef": {"executed_lines": [], "summary": {"covered_lines": 0, "num_statements": 1, "percent_covered": 0.0, "percent_covered_display": "0", "missing_lines": 1, "excluded_lines": 0}, "missing_lines": [492], "excluded_lines": []}, "FeatureExtractor.visit_AsyncFunctionDef": {"executed_lines": [], "summary": {"covered_lines": 0, "num_statements": 2, "percent_covered": 0.0, "percent_covered_display": "0", "missing_lines": 2, "excluded_lines": 0}, "missing_lines": [496, 497], "excluded_lines": []}, "FeatureExtractor.visit_ClassDef": {"executed_lines": [], "summary": {"covered_lines": 0, "num_statements": 4, "percent_covered": 0.0, "percent_covered_display": "0", "missing_lines": 4, "excluded_lines": 0}, "missing_lines": [501, 502, 503, 504], "excluded_lines": []}, "FeatureExtractor._extract_function_features": {"executed_lines": [], "summary": {"covered_lines": 0, "num_statements": 35, "percent_covered": 0.0, "percent_covered_display": "0", "missing_lines": 35, "excluded_lines": 0}, "missing_lines": [508, 509, 512, 513, 515, 517, 532, 533, 534, 535, 536, 537, 538, 541, 542, 543, 544, 545, 546, 547, 548, 550, 551, 552, 553, 554, 555, 556, 557, 558, 559, 560, 562, 563, 564], "excluded_lines": []}, "ComplexityVisitor.__init__": {"executed_lines": [], "summary": {"covered_lines": 0, "num_statements": 6, "percent_covered": 0.0, "percent_covered_display": "0", "missing_lines": 6, "excluded_lines": 0}, "missing_lines": [571, 572, 573, 574, 575, 576], "excluded_lines": []}, "ComplexityVisitor.visit_FunctionDef": {"executed_lines": [], "summary": {"covered_lines": 0, "num_statements": 14, "percent_covered": 0.0, "percent_covered_display": "0", "missing_lines": 14, "excluded_lines": 0}, "missing_lines": [580, 581, 582, 585, 586, 588, 591, 593, 605, 606, 607, 608, 610, 611], "excluded_lines": []}, "ComplexityVisitor.visit_AsyncFunctionDef": {"executed_lines": [], "summary": {"covered_lines": 0, "num_statements": 14, "percent_covered": 0.0, "percent_covered_display": "0", "missing_lines": 14, "excluded_lines": 0}, "missing_lines": [615, 616, 617, 620, 621, 623, 626, 628, 640, 641, 642, 643, 645, 646], "excluded_lines": []}, "ComplexityVisitor.visit_ClassDef": {"executed_lines": [], "summary": {"covered_lines": 0, "num_statements": 5, "percent_covered": 0.0, "percent_covered_display": "0", "missing_lines": 5, "excluded_lines": 0}, "missing_lines": [650, 651, 652, 653, 654], "excluded_lines": []}, "ComplexityVisitor._calculate_complexity": {"executed_lines": [], "summary": {"covered_lines": 0, "num_statements": 15, "percent_covered": 0.0, "percent_covered_display": "0", "missing_lines": 15, "excluded_lines": 0}, "missing_lines": [658, 660, 661, 662, 663, 664, 665, 667, 668, 670, 672, 673, 674, 676, 678], "excluded_lines": []}, "ComplexityVisitor._calculate_cognitive": {"executed_lines": [], "summary": {"covered_lines": 0, "num_statements": 4, "percent_covered": 0.0, "percent_covered_display": "0", "missing_lines": 4, "excluded_lines": 0}, "missing_lines": [682, 684, 685, 687], "excluded_lines": []}, "ComplexityVisitor._calculate_cognitive_node": {"executed_lines": [], "summary": {"covered_lines": 0, "num_statements": 39, "percent_covered": 0.0, "percent_covered_display": "0", "missing_lines": 39, "excluded_lines": 0}, "missing_lines": [691, 693, 695, 696, 698, 700, 701, 703, 704, 707, 711, 712, 713, 714, 715, 717, 718, 720, 721, 723, 724, 725, 726, 727, 728, 729, 731, 732, 733, 734, 736, 737, 738, 739, 741, 742, 746, 747, 749], "excluded_lines": []}, "ComplexityVisitor.visit_Call": {"executed_lines": [], "summary": {"covered_lines": 0, "num_statements": 4, "percent_covered": 0.0, "percent_covered_display": "0", "missing_lines": 4, "excluded_lines": 0}, "missing_lines": [753, 754, 755, 756], "excluded_lines": []}, "ComplexityVisitor._detect_python_features": {"executed_lines": [], "summary": {"covered_lines": 0, "num_statements": 27, "percent_covered": 0.0, "percent_covered_display": "0", "missing_lines": 27, "excluded_lines": 0}, "missing_lines": [760, 774, 775, 776, 779, 780, 781, 782, 783, 784, 785, 788, 790, 791, 794, 795, 798, 799, 802, 803, 806, 807, 810, 811, 814, 815, 817], "excluded_lines": []}, "": {"executed_lines": [1, 8, 9, 10, 11, 13, 14, 15, 24, 27, 28, 29, 30, 36, 37, 43, 48, 86, 100, 205, 293, 315, 319, 374, 399, 420, 428, 482, 483, 485, 490, 494, 499, 506, 567, 568, 570, 578, 613, 648, 656, 680, 689, 751, 758, 821, 823], "summary": {"covered_lines": 43, "num_statements": 46, "percent_covered": 93.47826086956522, "percent_covered_display": "93", "missing_lines": 3, "excluded_lines": 0}, "missing_lines": [31, 32, 33], "excluded_lines": []}}, "classes": {"PythonComplexityAnalyzer": {"executed_lines": [], "summary": {"covered_lines": 0, "num_statements": 159, "percent_covered": 0.0, "percent_covered_display": "0", "missing_lines": 159, "excluded_lines": 0}, "missing_lines": [45, 46, 57, 58, 60, 61, 63, 64, 65, 66, 67, 68, 69, 70, 95, 96, 98, 102, 104, 107, 110, 111, 112, 115, 116, 117, 119, 120, 121, 124, 125, 128, 130, 153, 156, 159, 160, 162, 175, 184, 186, 188, 189, 207, 208, 211, 212, 215, 216, 217, 242, 245, 246, 247, 249, 255, 266, 273, 274, 276, 277, 295, 296, 298, 300, 301, 302, 303, 304, 305, 306, 307, 309, 310, 312, 313, 317, 321, 322, 325, 327, 328, 331, 332, 335, 337, 339, 342, 346, 347, 349, 350, 353, 355, 356, 357, 359, 361, 363, 365, 366, 369, 370, 372, 378, 379, 381, 382, 383, 384, 387, 388, 391, 392, 394, 395, 397, 401, 403, 404, 407, 408, 410, 411, 412, 413, 414, 416, 417, 418, 422, 423, 424, 425, 426, 431, 432, 435, 437, 439, 440, 442, 443, 444, 446, 447, 448, 449, 452, 454, 456, 468, 471, 472, 474, 476, 477, 478, 479], "excluded_lines": []}, "FeatureExtractor": {"executed_lines": [], "summary": {"covered_lines": 0, "num_statements": 45, "percent_covered": 0.0, "percent_covered_display": "0", "missing_lines": 45, "excluded_lines": 0}, "missing_lines": [486, 487, 488, 492, 496, 497, 501, 502, 503, 504, 508, 509, 512, 513, 515, 517, 532, 533, 534, 535, 536, 537, 538, 541, 542, 543, 544, 545, 546, 547, 548, 550, 551, 552, 553, 554, 555, 556, 557, 558, 559, 560, 562, 563, 564], "excluded_lines": []}, "ComplexityVisitor": {"executed_lines": [], "summary": {"covered_lines": 0, "num_statements": 128, "percent_covered": 0.0, "percent_covered_display": "0", "missing_lines": 128, "excluded_lines": 0}, "missing_lines": [571, 572, 573, 574, 575, 576, 580, 581, 582, 585, 586, 588, 591, 593, 605, 606, 607, 608, 610, 611, 615, 616, 617, 620, 621, 623, 626, 628, 640, 641, 642, 643, 645, 646, 650, 651, 652, 653, 654, 658, 660, 661, 662, 663, 664, 665, 667, 668, 670, 672, 673, 674, 676, 678, 682, 684, 685, 687, 691, 693, 695, 696, 698, 700, 701, 703, 704, 707, 711, 712, 713, 714, 715, 717, 718, 720, 721, 723, 724, 725, 726, 727, 728, 729, 731, 732, 733, 734, 736, 737, 738, 739, 741, 742, 746, 747, 749, 753, 754, 755, 756, 760, 774, 775, 776, 779, 780, 781, 782, 783, 784, 785, 788, 790, 791, 794, 795, 798, 799, 802, 803, 806, 807, 810, 811, 814, 815, 817], "excluded_lines": []}, "": {"executed_lines": [1, 8, 9, 10, 11, 13, 14, 15, 24, 27, 28, 29, 30, 36, 37, 43, 48, 86, 100, 205, 293, 315, 319, 374, 399, 420, 428, 482, 483, 485, 490, 494, 499, 506, 567, 568, 570, 578, 613, 648, 656, 680, 689, 751, 758, 821, 823], "summary": {"covered_lines": 43, "num_statements": 46, "percent_covered": 93.47826086956522, "percent_covered_display": "93", "missing_lines": 3, "excluded_lines": 0}, "missing_lines": [31, 32, 33], "excluded_lines": []}}}, "src/project_watch_mcp/complexity_analysis/metrics.py": {"executed_lines": [1, 7, 8, 11, 12, 14, 15, 38, 39, 52, 53, 82, 83, 106, 107, 136, 137, 156, 157, 197, 198, 216, 217], "summary": {"covered_lines": 21, "num_statements": 74, "percent_covered": 28.37837837837838, "percent_covered_display": "28", "missing_lines": 53, "excluded_lines": 0}, "missing_lines": [25, 29, 30, 31, 34, 36, 50, 74, 75, 77, 78, 80, 101, 102, 104, 124, 127, 128, 131, 132, 134, 148, 149, 151, 152, 154, 174, 175, 177, 178, 180, 181, 184, 185, 188, 189, 192, 193, 195, 207, 208, 209, 210, 211, 212, 214, 237, 238, 239, 240, 243, 250, 257], "excluded_lines": [], "functions": {"ComplexityMetrics.calculate_nesting_depth": {"executed_lines": [], "summary": {"covered_lines": 0, "num_statements": 6, "percent_covered": 0.0, "percent_covered_display": "0", "missing_lines": 6, "excluded_lines": 0}, "missing_lines": [25, 29, 30, 31, 34, 36], "excluded_lines": []}, "ComplexityMetrics.count_decision_points": {"executed_lines": [], "summary": {"covered_lines": 0, "num_statements": 1, "percent_covered": 0.0, "percent_covered_display": "0", "missing_lines": 1, "excluded_lines": 0}, "missing_lines": [50], "excluded_lines": []}, "ComplexityMetrics.calculate_halstead_volume": {"executed_lines": [], "summary": {"covered_lines": 0, "num_statements": 5, "percent_covered": 0.0, "percent_covered_display": "0", "missing_lines": 5, "excluded_lines": 0}, "missing_lines": [74, 75, 77, 78, 80], "excluded_lines": []}, "ComplexityMetrics.calculate_halstead_difficulty": {"executed_lines": [], "summary": {"covered_lines": 0, "num_statements": 3, "percent_covered": 0.0, "percent_covered_display": "0", "missing_lines": 3, "excluded_lines": 0}, "missing_lines": [101, 102, 104], "excluded_lines": []}, "ComplexityMetrics.calculate_cognitive_increment": {"executed_lines": [], "summary": {"covered_lines": 0, "num_statements": 6, "percent_covered": 0.0, "percent_covered_display": "0", "missing_lines": 6, "excluded_lines": 0}, "missing_lines": [124, 127, 128, 131, 132, 134], "excluded_lines": []}, "ComplexityMetrics.count_logical_operators": {"executed_lines": [], "summary": {"covered_lines": 0, "num_statements": 5, "percent_covered": 0.0, "percent_covered_display": "0", "missing_lines": 5, "excluded_lines": 0}, "missing_lines": [148, 149, 151, 152, 154], "excluded_lines": []}, "ComplexityMetrics.estimate_comment_ratio": {"executed_lines": [], "summary": {"covered_lines": 0, "num_statements": 13, "percent_covered": 0.0, "percent_covered_display": "0", "missing_lines": 13, "excluded_lines": 0}, "missing_lines": [174, 175, 177, 178, 180, 181, 184, 185, 188, 189, 192, 193, 195], "excluded_lines": []}, "ComplexityMetrics.classify_complexity_level": {"executed_lines": [], "summary": {"covered_lines": 0, "num_statements": 7, "percent_covered": 0.0, "percent_covered_display": "0", "missing_lines": 7, "excluded_lines": 0}, "missing_lines": [207, 208, 209, 210, 211, 212, 214], "excluded_lines": []}, "ComplexityMetrics.calculate_risk_score": {"executed_lines": [], "summary": {"covered_lines": 0, "num_statements": 7, "percent_covered": 0.0, "percent_covered_display": "0", "missing_lines": 7, "excluded_lines": 0}, "missing_lines": [237, 238, 239, 240, 243, 250, 257], "excluded_lines": []}, "": {"executed_lines": [1, 7, 8, 11, 12, 14, 15, 38, 39, 52, 53, 82, 83, 106, 107, 136, 137, 156, 157, 197, 198, 216, 217], "summary": {"covered_lines": 21, "num_statements": 21, "percent_covered": 100.0, "percent_covered_display": "100", "missing_lines": 0, "excluded_lines": 0}, "missing_lines": [], "excluded_lines": []}}, "classes": {"ComplexityMetrics": {"executed_lines": [], "summary": {"covered_lines": 0, "num_statements": 53, "percent_covered": 0.0, "percent_covered_display": "0", "missing_lines": 53, "excluded_lines": 0}, "missing_lines": [25, 29, 30, 31, 34, 36, 50, 74, 75, 77, 78, 80, 101, 102, 104, 124, 127, 128, 131, 132, 134, 148, 149, 151, 152, 154, 174, 175, 177, 178, 180, 181, 184, 185, 188, 189, 192, 193, 195, 207, 208, 209, 210, 211, 212, 214, 237, 238, 239, 240, 243, 250, 257], "excluded_lines": []}, "": {"executed_lines": [1, 7, 8, 11, 12, 14, 15, 38, 39, 52, 53, 82, 83, 106, 107, 136, 137, 156, 157, 197, 198, 216, 217], "summary": {"covered_lines": 21, "num_statements": 21, "percent_covered": 100.0, "percent_covered_display": "100", "missing_lines": 0, "excluded_lines": 0}, "missing_lines": [], "excluded_lines": []}}}, "src/project_watch_mcp/complexity_analysis/models.py": {"executed_lines": [1, 7, 8, 9, 12, 13, 15, 16, 17, 18, 19, 21, 28, 34, 41, 47, 48, 61, 62, 76, 77, 79, 80, 81, 82, 84, 85, 97, 98, 99, 101, 102, 103, 104, 105, 106, 107, 108, 109, 110, 113, 114, 115, 116, 117, 118, 119, 120, 121, 122, 124, 125, 129, 169, 170, 171, 173, 174, 175, 176, 177, 178, 179, 180, 182, 183, 187, 188, 194, 210, 211, 212, 214, 215, 216, 217, 218, 219, 220, 221, 222, 224, 239, 240, 241, 243, 244, 245, 246, 247, 248, 249, 250, 252, 253, 257, 272, 378, 379, 380, 382, 383, 384, 386, 387, 391, 392, 396], "summary": {"covered_lines": 100, "num_statements": 216, "percent_covered": 46.2962962962963, "percent_covered_display": "46", "missing_lines": 116, "excluded_lines": 0}, "missing_lines": [23, 24, 25, 26, 30, 31, 32, 36, 37, 38, 39, 43, 44, 45, 50, 51, 52, 53, 54, 55, 56, 57, 59, 64, 65, 66, 67, 68, 69, 70, 71, 73, 87, 88, 89, 90, 91, 92, 94, 127, 131, 146, 147, 148, 149, 150, 151, 152, 153, 154, 155, 156, 157, 158, 159, 160, 161, 162, 163, 164, 166, 185, 190, 191, 192, 196, 226, 255, 259, 268, 269, 270, 274, 277, 278, 279, 280, 285, 286, 287, 288, 293, 294, 300, 301, 304, 305, 310, 311, 312, 318, 320, 321, 322, 328, 330, 331, 337, 339, 340, 345, 347, 348, 354, 356, 357, 362, 364, 365, 371, 372, 373, 375, 389, 394, 398], "excluded_lines": [], "functions": {"ComplexityGrade.__lt__": {"executed_lines": [], "summary": {"covered_lines": 0, "num_statements": 4, "percent_covered": 0.0, "percent_covered_display": "0", "missing_lines": 4, "excluded_lines": 0}, "missing_lines": [23, 24, 25, 26], "excluded_lines": []}, "ComplexityGrade.__le__": {"executed_lines": [], "summary": {"covered_lines": 0, "num_statements": 3, "percent_covered": 0.0, "percent_covered_display": "0", "missing_lines": 3, "excluded_lines": 0}, "missing_lines": [30, 31, 32], "excluded_lines": []}, "ComplexityGrade.__gt__": {"executed_lines": [], "summary": {"covered_lines": 0, "num_statements": 4, "percent_covered": 0.0, "percent_covered_display": "0", "missing_lines": 4, "excluded_lines": 0}, "missing_lines": [36, 37, 38, 39], "excluded_lines": []}, "ComplexityGrade.__ge__": {"executed_lines": [], "summary": {"covered_lines": 0, "num_statements": 3, "percent_covered": 0.0, "percent_covered_display": "0", "missing_lines": 3, "excluded_lines": 0}, "missing_lines": [43, 44, 45], "excluded_lines": []}, "ComplexityGrade.from_maintainability_index": {"executed_lines": [], "summary": {"covered_lines": 0, "num_statements": 9, "percent_covered": 0.0, "percent_covered_display": "0", "missing_lines": 9, "excluded_lines": 0}, "missing_lines": [50, 51, 52, 53, 54, 55, 56, 57, 59], "excluded_lines": []}, "ComplexityGrade.from_complexity": {"executed_lines": [], "summary": {"covered_lines": 0, "num_statements": 9, "percent_covered": 0.0, "percent_covered_display": "0", "missing_lines": 9, "excluded_lines": 0}, "missing_lines": [64, 65, 66, 67, 68, 69, 70, 71, 73], "excluded_lines": []}, "ComplexityClassification.from_complexity": {"executed_lines": [], "summary": {"covered_lines": 0, "num_statements": 7, "percent_covered": 0.0, "percent_covered_display": "0", "missing_lines": 7, "excluded_lines": 0}, "missing_lines": [87, 88, 89, 90, 91, 92, 94], "excluded_lines": []}, "FunctionComplexity.lines_of_code": {"executed_lines": [], "summary": {"covered_lines": 0, "num_statements": 1, "percent_covered": 0.0, "percent_covered_display": "0", "missing_lines": 1, "excluded_lines": 0}, "missing_lines": [127], "excluded_lines": []}, "FunctionComplexity.to_dict": {"executed_lines": [], "summary": {"covered_lines": 0, "num_statements": 21, "percent_covered": 0.0, "percent_covered_display": "0", "missing_lines": 21, "excluded_lines": 0}, "missing_lines": [131, 146, 147, 148, 149, 150, 151, 152, 153, 154, 155, 156, 157, 158, 159, 160, 161, 162, 163, 164, 166], "excluded_lines": []}, "ClassComplexity.lines_of_code": {"executed_lines": [], "summary": {"covered_lines": 0, "num_statements": 1, "percent_covered": 0.0, "percent_covered_display": "0", "missing_lines": 1, "excluded_lines": 0}, "missing_lines": [185], "excluded_lines": []}, "ClassComplexity.max_method_complexity": {"executed_lines": [], "summary": {"covered_lines": 0, "num_statements": 3, "percent_covered": 0.0, "percent_covered_display": "0", "missing_lines": 3, "excluded_lines": 0}, "missing_lines": [190, 191, 192], "excluded_lines": []}, "ClassComplexity.to_dict": {"executed_lines": [], "summary": {"covered_lines": 0, "num_statements": 1, "percent_covered": 0.0, "percent_covered_display": "0", "missing_lines": 1, "excluded_lines": 0}, "missing_lines": [196], "excluded_lines": []}, "ComplexitySummary.to_dict": {"executed_lines": [], "summary": {"covered_lines": 0, "num_statements": 1, "percent_covered": 0.0, "percent_covered_display": "0", "missing_lines": 1, "excluded_lines": 0}, "missing_lines": [226], "excluded_lines": []}, "ComplexityResult.success": {"executed_lines": [], "summary": {"covered_lines": 0, "num_statements": 1, "percent_covered": 0.0, "percent_covered_display": "0", "missing_lines": 1, "excluded_lines": 0}, "missing_lines": [255], "excluded_lines": []}, "ComplexityResult.to_dict": {"executed_lines": [], "summary": {"covered_lines": 0, "num_statements": 4, "percent_covered": 0.0, "percent_covered_display": "0", "missing_lines": 4, "excluded_lines": 0}, "missing_lines": [259, 268, 269, 270], "excluded_lines": []}, "ComplexityResult.generate_recommendations": {"executed_lines": [], "summary": {"covered_lines": 0, "num_statements": 41, "percent_covered": 0.0, "percent_covered_display": "0", "missing_lines": 41, "excluded_lines": 0}, "missing_lines": [274, 277, 278, 279, 280, 285, 286, 287, 288, 293, 294, 300, 301, 304, 305, 310, 311, 312, 318, 320, 321, 322, 328, 330, 331, 337, 339, 340, 345, 347, 348, 354, 356, 357, 362, 364, 365, 371, 372, 373, 375], "excluded_lines": []}, "ComplexityValidation.has_warnings": {"executed_lines": [], "summary": {"covered_lines": 0, "num_statements": 1, "percent_covered": 0.0, "percent_covered_display": "0", "missing_lines": 1, "excluded_lines": 0}, "missing_lines": [389], "excluded_lines": []}, "ComplexityValidation.has_issues": {"executed_lines": [], "summary": {"covered_lines": 0, "num_statements": 1, "percent_covered": 0.0, "percent_covered_display": "0", "missing_lines": 1, "excluded_lines": 0}, "missing_lines": [394], "excluded_lines": []}, "ComplexityValidation.to_dict": {"executed_lines": [], "summary": {"covered_lines": 0, "num_statements": 1, "percent_covered": 0.0, "percent_covered_display": "0", "missing_lines": 1, "excluded_lines": 0}, "missing_lines": [398], "excluded_lines": []}, "": {"executed_lines": [1, 7, 8, 9, 12, 13, 15, 16, 17, 18, 19, 21, 28, 34, 41, 47, 48, 61, 62, 76, 77, 79, 80, 81, 82, 84, 85, 97, 98, 99, 101, 102, 103, 104, 105, 106, 107, 108, 109, 110, 113, 114, 115, 116, 117, 118, 119, 120, 121, 122, 124, 125, 129, 169, 170, 171, 173, 174, 175, 176, 177, 178, 179, 180, 182, 183, 187, 188, 194, 210, 211, 212, 214, 215, 216, 217, 218, 219, 220, 221, 222, 224, 239, 240, 241, 243, 244, 245, 246, 247, 248, 249, 250, 252, 253, 257, 272, 378, 379, 380, 382, 383, 384, 386, 387, 391, 392, 396], "summary": {"covered_lines": 100, "num_statements": 100, "percent_covered": 100.0, "percent_covered_display": "100", "missing_lines": 0, "excluded_lines": 0}, "missing_lines": [], "excluded_lines": []}}, "classes": {"ComplexityGrade": {"executed_lines": [], "summary": {"covered_lines": 0, "num_statements": 32, "percent_covered": 0.0, "percent_covered_display": "0", "missing_lines": 32, "excluded_lines": 0}, "missing_lines": [23, 24, 25, 26, 30, 31, 32, 36, 37, 38, 39, 43, 44, 45, 50, 51, 52, 53, 54, 55, 56, 57, 59, 64, 65, 66, 67, 68, 69, 70, 71, 73], "excluded_lines": []}, "ComplexityClassification": {"executed_lines": [], "summary": {"covered_lines": 0, "num_statements": 7, "percent_covered": 0.0, "percent_covered_display": "0", "missing_lines": 7, "excluded_lines": 0}, "missing_lines": [87, 88, 89, 90, 91, 92, 94], "excluded_lines": []}, "FunctionComplexity": {"executed_lines": [], "summary": {"covered_lines": 0, "num_statements": 22, "percent_covered": 0.0, "percent_covered_display": "0", "missing_lines": 22, "excluded_lines": 0}, "missing_lines": [127, 131, 146, 147, 148, 149, 150, 151, 152, 153, 154, 155, 156, 157, 158, 159, 160, 161, 162, 163, 164, 166], "excluded_lines": []}, "ClassComplexity": {"executed_lines": [], "summary": {"covered_lines": 0, "num_statements": 5, "percent_covered": 0.0, "percent_covered_display": "0", "missing_lines": 5, "excluded_lines": 0}, "missing_lines": [185, 190, 191, 192, 196], "excluded_lines": []}, "ComplexitySummary": {"executed_lines": [], "summary": {"covered_lines": 0, "num_statements": 1, "percent_covered": 0.0, "percent_covered_display": "0", "missing_lines": 1, "excluded_lines": 0}, "missing_lines": [226], "excluded_lines": []}, "ComplexityResult": {"executed_lines": [], "summary": {"covered_lines": 0, "num_statements": 46, "percent_covered": 0.0, "percent_covered_display": "0", "missing_lines": 46, "excluded_lines": 0}, "missing_lines": [255, 259, 268, 269, 270, 274, 277, 278, 279, 280, 285, 286, 287, 288, 293, 294, 300, 301, 304, 305, 310, 311, 312, 318, 320, 321, 322, 328, 330, 331, 337, 339, 340, 345, 347, 348, 354, 356, 357, 362, 364, 365, 371, 372, 373, 375], "excluded_lines": []}, "ComplexityValidation": {"executed_lines": [], "summary": {"covered_lines": 0, "num_statements": 3, "percent_covered": 0.0, "percent_covered_display": "0", "missing_lines": 3, "excluded_lines": 0}, "missing_lines": [389, 394, 398], "excluded_lines": []}, "": {"executed_lines": [1, 7, 8, 9, 12, 13, 15, 16, 17, 18, 19, 21, 28, 34, 41, 47, 48, 61, 62, 76, 77, 79, 80, 81, 82, 84, 85, 97, 98, 99, 101, 102, 103, 104, 105, 106, 107, 108, 109, 110, 113, 114, 115, 116, 117, 118, 119, 120, 121, 122, 124, 125, 129, 169, 170, 171, 173, 174, 175, 176, 177, 178, 179, 180, 182, 183, 187, 188, 194, 210, 211, 212, 214, 215, 216, 217, 218, 219, 220, 221, 222, 224, 239, 240, 241, 243, 244, 245, 246, 247, 248, 249, 250, 252, 253, 257, 272, 378, 379, 380, 382, 383, 384, 386, 387, 391, 392, 396], "summary": {"covered_lines": 100, "num_statements": 100, "percent_covered": 100.0, "percent_covered_display": "100", "missing_lines": 0, "excluded_lines": 0}, "missing_lines": [], "excluded_lines": []}}}, "src/project_watch_mcp/config.py": {"executed_lines": [1, 3, 4, 5, 6, 7, 10, 11, 12, 14, 15, 17, 19, 21, 22, 35, 39, 42, 46, 51, 53, 54, 73, 74, 95, 96, 97, 99, 101, 103, 105, 107, 108, 110, 113, 117, 118, 119, 121, 125, 126, 127, 128, 133, 141, 142, 143, 145, 146, 147, 148, 150, 151, 161, 162, 163, 165, 166, 167, 168, 169, 171, 172], "summary": {"covered_lines": 58, "num_statements": 77, "percent_covered": 75.32467532467533, "percent_covered_display": "75", "missing_lines": 19, "excluded_lines": 0}, "missing_lines": [36, 43, 47, 66, 69, 71, 84, 86, 87, 88, 89, 92, 114, 122, 123, 124, 131, 153, 174], "excluded_lines": [], "functions": {"ProjectConfig.__post_init__": {"executed_lines": [19], "summary": {"covered_lines": 1, "num_statements": 1, "percent_covered": 100.0, "percent_covered_display": "100", "missing_lines": 0, "excluded_lines": 0}, "missing_lines": [], "excluded_lines": []}, "ProjectConfig.validate_project_name": {"executed_lines": [35, 39, 42, 46, 51], "summary": {"covered_lines": 5, "num_statements": 8, "percent_covered": 62.5, "percent_covered_display": "62", "missing_lines": 3, "excluded_lines": 0}, "missing_lines": [36, 43, 47], "excluded_lines": []}, "ProjectConfig.from_repository_path": {"executed_lines": [], "summary": {"covered_lines": 0, "num_statements": 3, "percent_covered": 0.0, "percent_covered_display": "0", "missing_lines": 3, "excluded_lines": 0}, "missing_lines": [66, 69, 71], "excluded_lines": []}, "ProjectConfig.from_env": {"executed_lines": [], "summary": {"covered_lines": 0, "num_statements": 6, "percent_covered": 0.0, "percent_covered_display": "0", "missing_lines": 6, "excluded_lines": 0}, "missing_lines": [84, 86, 87, 88, 89, 92], "excluded_lines": []}, "EmbeddingConfig.from_env": {"executed_lines": [110, 113, 117, 118, 119, 121, 125, 126, 127, 128, 133], "summary": {"covered_lines": 11, "num_statements": 16, "percent_covered": 68.75, "percent_covered_display": "69", "missing_lines": 5, "excluded_lines": 0}, "missing_lines": [114, 122, 123, 124, 131], "excluded_lines": []}, "Neo4jConfig.from_env": {"executed_lines": [], "summary": {"covered_lines": 0, "num_statements": 1, "percent_covered": 0.0, "percent_covered_display": "0", "missing_lines": 1, "excluded_lines": 0}, "missing_lines": [153], "excluded_lines": []}, "ProjectWatchConfig.from_env": {"executed_lines": [], "summary": {"covered_lines": 0, "num_statements": 1, "percent_covered": 0.0, "percent_covered_display": "0", "missing_lines": 1, "excluded_lines": 0}, "missing_lines": [174], "excluded_lines": []}, "": {"executed_lines": [1, 3, 4, 5, 6, 7, 10, 11, 12, 14, 15, 17, 21, 22, 53, 54, 73, 74, 95, 96, 97, 99, 101, 103, 105, 107, 108, 141, 142, 143, 145, 146, 147, 148, 150, 151, 161, 162, 163, 165, 166, 167, 168, 169, 171, 172], "summary": {"covered_lines": 41, "num_statements": 41, "percent_covered": 100.0, "percent_covered_display": "100", "missing_lines": 0, "excluded_lines": 0}, "missing_lines": [], "excluded_lines": []}}, "classes": {"ProjectConfig": {"executed_lines": [19, 35, 39, 42, 46, 51], "summary": {"covered_lines": 6, "num_statements": 18, "percent_covered": 33.333333333333336, "percent_covered_display": "33", "missing_lines": 12, "excluded_lines": 0}, "missing_lines": [36, 43, 47, 66, 69, 71, 84, 86, 87, 88, 89, 92], "excluded_lines": []}, "EmbeddingConfig": {"executed_lines": [110, 113, 117, 118, 119, 121, 125, 126, 127, 128, 133], "summary": {"covered_lines": 11, "num_statements": 16, "percent_covered": 68.75, "percent_covered_display": "69", "missing_lines": 5, "excluded_lines": 0}, "missing_lines": [114, 122, 123, 124, 131], "excluded_lines": []}, "Neo4jConfig": {"executed_lines": [], "summary": {"covered_lines": 0, "num_statements": 1, "percent_covered": 0.0, "percent_covered_display": "0", "missing_lines": 1, "excluded_lines": 0}, "missing_lines": [153], "excluded_lines": []}, "ProjectWatchConfig": {"executed_lines": [], "summary": {"covered_lines": 0, "num_statements": 1, "percent_covered": 0.0, "percent_covered_display": "0", "missing_lines": 1, "excluded_lines": 0}, "missing_lines": [174], "excluded_lines": []}, "": {"executed_lines": [1, 3, 4, 5, 6, 7, 10, 11, 12, 14, 15, 17, 21, 22, 53, 54, 73, 74, 95, 96, 97, 99, 101, 103, 105, 107, 108, 141, 142, 143, 145, 146, 147, 148, 150, 151, 161, 162, 163, 165, 166, 167, 168, 169, 171, 172], "summary": {"covered_lines": 41, "num_statements": 41, "percent_covered": 100.0, "percent_covered_display": "100", "missing_lines": 0, "excluded_lines": 0}, "missing_lines": [], "excluded_lines": []}}}, "src/project_watch_mcp/core/__init__.py": {"executed_lines": [1, 3, 9, 11], "summary": {"covered_lines": 3, "num_statements": 3, "percent_covered": 100.0, "percent_covered_display": "100", "missing_lines": 0, "excluded_lines": 0}, "missing_lines": [], "excluded_lines": [], "functions": {"": {"executed_lines": [1, 3, 9, 11], "summary": {"covered_lines": 3, "num_statements": 3, "percent_covered": 100.0, "percent_covered_display": "100", "missing_lines": 0, "excluded_lines": 0}, "missing_lines": [], "excluded_lines": []}}, "classes": {"": {"executed_lines": [1, 3, 9, 11], "summary": {"covered_lines": 3, "num_statements": 3, "percent_covered": 100.0, "percent_covered_display": "100", "missing_lines": 0, "excluded_lines": 0}, "missing_lines": [], "excluded_lines": []}}}, "src/project_watch_mcp/core/initializer.py": {"executed_lines": [1, 3, 4, 5, 6, 7, 8, 10, 12, 13, 14, 15, 16, 18, 20, 23, 24, 26, 38, 39, 41, 45, 46, 48, 52, 53, 55, 59, 60, 61, 63, 64, 65, 66, 67, 69, 80, 81, 83, 105, 106, 107, 108, 109, 110, 111, 113, 114, 115, 116, 118, 120, 121, 123, 125, 127, 129, 131, 138, 141, 147, 148, 156, 163, 178, 180, 181, 182, 186, 187, 188, 190, 192, 198, 211, 212, 215, 216, 219, 220, 222, 230, 233, 235, 236, 239, 242, 247, 249, 256, 257, 258, 261, 263, 264, 265, 271, 280, 281, 283, 284, 286, 287, 292, 296, 298, 301, 311, 312, 321, 324, 325, 339, 341, 344, 346, 349, 350, 351, 353, 359, 360, 368], "summary": {"covered_lines": 116, "num_statements": 165, "percent_covered": 70.3030303030303, "percent_covered_display": "70", "missing_lines": 49, "excluded_lines": 0}, "missing_lines": [32, 33, 34
[...]
s": 39, "excluded_lines": 0}, "missing_lines": [6, 7, 8, 9, 10, 11, 12, 13, 14, 16, 19, 20, 23, 24, 25, 26, 27, 28, 29, 31, 56, 59, 64, 65, 103, 104, 130, 138, 146, 186, 254, 257, 261, 279, 320, 323, 327, 338, 377], "excluded_lines": []}}, "classes": {"ProfileResult": {"executed_lines": [], "summary": {"covered_lines": 0, "num_statements": 17, "percent_covered": 0.0, "percent_covered_display": "0", "missing_lines": 17, "excluded_lines": 0}, "missing_lines": [33, 34, 36, 37, 38, 39, 40, 43, 44, 45, 46, 47, 48, 49, 50, 51, 53], "excluded_lines": []}, "PerformanceProfiler": {"executed_lines": [], "summary": {"covered_lines": 0, "num_statements": 102, "percent_covered": 0.0, "percent_covered_display": "0", "missing_lines": 102, "excluded_lines": 0}, "missing_lines": [60, 61, 62, 68, 69, 70, 73, 74, 75, 77, 78, 81, 82, 83, 84, 87, 88, 89, 90, 93, 101, 107, 108, 109, 111, 112, 115, 116, 117, 118, 121, 128, 132, 133, 134, 135, 136, 140, 141, 142, 143, 144, 148, 150, 151, 154, 155, 162, 163, 170, 171, 177, 178, 184, 188, 189, 190, 191, 194, 195, 196, 197, 198, 199, 200, 203, 204, 205, 206, 207, 208, 209, 211, 212, 213, 214, 217, 218, 219, 220, 221, 222, 223, 224, 225, 226, 227, 228, 229, 232, 233, 236, 237, 238, 241, 242, 243, 246, 247, 248, 250, 251], "excluded_lines": []}, "ConcurrencyAnalyzer": {"executed_lines": [], "summary": {"covered_lines": 0, "num_statements": 34, "percent_covered": 0.0, "percent_covered_display": "0", "missing_lines": 34, "excluded_lines": 0}, "missing_lines": [258, 259, 263, 264, 265, 266, 268, 269, 270, 272, 273, 274, 275, 276, 277, 281, 282, 285, 288, 289, 291, 292, 293, 294, 296, 298, 299, 300, 301, 303, 306, 307, 308, 310], "excluded_lines": []}, "MemoryProfiler": {"executed_lines": [], "summary": {"covered_lines": 0, "num_statements": 22, "percent_covered": 0.0, "percent_covered_display": "0", "missing_lines": 22, "excluded_lines": 0}, "missing_lines": [324, 325, 329, 330, 336, 340, 341, 344, 345, 347, 348, 351, 352, 355, 356, 358, 359, 360, 361, 363, 365, 367], "excluded_lines": []}, "": {"executed_lines": [], "summary": {"covered_lines": 0, "num_statements": 62, "percent_covered": 0.0, "percent_covered_display": "0", "missing_lines": 62, "excluded_lines": 0}, "missing_lines": [6, 7, 8, 9, 10, 11, 12, 13, 14, 16, 19, 20, 23, 24, 25, 26, 27, 28, 29, 31, 56, 59, 64, 65, 103, 104, 130, 138, 146, 186, 254, 257, 261, 279, 320, 323, 327, 338, 377, 379, 380, 382, 383, 384, 385, 386, 387, 390, 391, 392, 394, 396, 397, 398, 399, 400, 403, 404, 405, 407, 409, 410], "excluded_lines": []}}}, "src/project_watch_mcp/vector_search/__init__.py": {"executed_lines": [], "summary": {"covered_lines": 0, "num_statements": 2, "percent_covered": 0.0, "percent_covered_display": "0", "missing_lines": 2, "excluded_lines": 0}, "missing_lines": [10, 17], "excluded_lines": [], "functions": {"": {"executed_lines": [], "summary": {"covered_lines": 0, "num_statements": 2, "percent_covered": 0.0, "percent_covered_display": "0", "missing_lines": 2, "excluded_lines": 0}, "missing_lines": [10, 17], "excluded_lines": []}}, "classes": {"": {"executed_lines": [], "summary": {"covered_lines": 0, "num_statements": 2, "percent_covered": 0.0, "percent_covered_display": "0", "missing_lines": 2, "excluded_lines": 0}, "missing_lines": [10, 17], "excluded_lines": []}}}, "src/project_watch_mcp/vector_search/neo4j_native_vectors.py": {"executed_lines": [], "summary": {"covered_lines": 0, "num_statements": 257, "percent_covered": 0.0, "percent_covered_display": "0", "missing_lines": 257, "excluded_lines": 0}, "missing_lines": [13, 14, 15, 16, 17, 18, 19, 20, 22, 25, 26, 29, 30, 31, 32, 33, 34, 35, 37, 39, 40, 42, 43, 46, 51, 52, 53, 59, 60, 63, 64, 65, 66, 68, 70, 73, 74, 77, 78, 79, 80, 83, 86, 94, 95, 96, 98, 99, 104, 105, 106, 107, 109, 110, 111, 112, 113, 115, 128, 129, 130, 131, 132, 136, 138, 148, 160, 161, 162, 163, 164, 170, 171, 172, 173, 178, 182, 192, 194, 195, 196, 197, 198, 202, 203, 204, 205, 209, 213, 232, 233, 236, 237, 238, 241, 242, 244, 245, 246, 247, 249, 251, 257, 258, 263, 269, 270, 271, 272, 278, 280, 281, 282, 288, 289, 293, 294, 301, 316, 319, 320, 321, 322, 323, 331, 332, 334, 335, 337, 341, 342, 343, 345, 347, 350, 351, 352, 353, 355, 356, 358, 365, 366, 367, 372, 373, 378, 379, 382, 383, 384, 385, 392, 393, 394, 396, 397, 398, 404, 405, 409, 411, 412, 413, 420, 422, 446, 447, 450, 451, 456, 457, 458, 459, 460, 461, 462, 464, 476, 477, 478, 484, 489, 490, 493, 498, 505, 507, 508, 512, 513, 514, 515, 516, 517, 522, 523, 525, 539, 546, 547, 548, 549, 554, 559, 560, 561, 563, 572, 577, 581, 582, 584, 585, 588, 589, 590, 594, 595, 597, 599, 613, 615, 616, 619, 623, 624, 628, 629, 634, 642, 647, 649, 655, 656, 659, 660, 661, 665, 666, 668, 681, 682, 686, 687, 692, 694, 704, 705, 706, 709, 710, 713, 715, 716, 717, 718], "excluded_lines": [], "functions": {"VectorIndexConfig.__post_init__": {"executed_lines": [], "summary": {"covered_lines": 0, "num_statements": 8, "percent_covered": 0.0, "percent_covered_display": "0", "missing_lines": 8, "excluded_lines": 0}, "missing_lines": [39, 40, 42, 43, 46, 51, 52, 53], "excluded_lines": []}, "VectorSearchResult.__lt__": {"executed_lines": [], "summary": {"covered_lines": 0, "num_statements": 1, "percent_covered": 0.0, "percent_covered_display": "0", "missing_lines": 1, "excluded_lines": 0}, "missing_lines": [70], "excluded_lines": []}, "NativeVectorIndex.__init__": {"executed_lines": [], "summary": {"covered_lines": 0, "num_statements": 3, "percent_covered": 0.0, "percent_covered_display": "0", "missing_lines": 3, "excluded_lines": 0}, "missing_lines": [94, 95, 96], "excluded_lines": []}, "NativeVectorIndex._get_session": {"executed_lines": [], "summary": {"covered_lines": 0, "num_statements": 9, "percent_covered": 0.0, "percent_covered_display": "0", "missing_lines": 9, "excluded_lines": 0}, "missing_lines": [104, 105, 106, 107, 109, 110, 111, 112, 113], "excluded_lines": []}, "NativeVectorIndex._execute_with_timeout": {"executed_lines": [], "summary": {"covered_lines": 0, "num_statements": 6, "percent_covered": 0.0, "percent_covered_display": "0", "missing_lines": 6, "excluded_lines": 0}, "missing_lines": [128, 129, 130, 131, 132, 136], "excluded_lines": []}, "NativeVectorIndex.create_index": {"executed_lines": [], "summary": {"covered_lines": 0, "num_statements": 11, "percent_covered": 0.0, "percent_covered_display": "0", "missing_lines": 11, "excluded_lines": 0}, "missing_lines": [148, 160, 161, 162, 163, 164, 170, 171, 172, 173, 178], "excluded_lines": []}, "NativeVectorIndex.drop_index": {"executed_lines": [], "summary": {"covered_lines": 0, "num_statements": 11, "percent_covered": 0.0, "percent_covered_display": "0", "missing_lines": 11, "excluded_lines": 0}, "missing_lines": [192, 194, 195, 196, 197, 198, 202, 203, 204, 205, 209], "excluded_lines": []}, "NativeVectorIndex.upsert_vector": {"executed_lines": [], "summary": {"covered_lines": 0, "num_statements": 28, "percent_covered": 0.0, "percent_covered_display": "0", "missing_lines": 28, "excluded_lines": 0}, "missing_lines": [232, 233, 236, 237, 238, 241, 242, 244, 245, 246, 247, 249, 251, 257, 258, 263, 269, 270, 271, 272, 278, 280, 281, 282, 288, 289, 293, 294], "excluded_lines": []}, "NativeVectorIndex.batch_upsert_vectors": {"executed_lines": [], "summary": {"covered_lines": 0, "num_statements": 47, "percent_covered": 0.0, "percent_covered_display": "0", "missing_lines": 47, "excluded_lines": 0}, "missing_lines": [316, 319, 320, 321, 322, 323, 331, 332, 334, 335, 337, 341, 342, 343, 345, 347, 350, 351, 352, 353, 355, 356, 358, 365, 366, 367, 372, 373, 378, 379, 382, 383, 384, 385, 392, 393, 394, 396, 397, 398, 404, 405, 409, 411, 412, 413, 420], "excluded_lines": []}, "NativeVectorIndex.search": {"executed_lines": [], "summary": {"covered_lines": 0, "num_statements": 31, "percent_covered": 0.0, "percent_covered_display": "0", "missing_lines": 31, "excluded_lines": 0}, "missing_lines": [446, 447, 450, 451, 456, 457, 458, 459, 460, 461, 462, 464, 476, 477, 478, 484, 489, 490, 493, 498, 505, 507, 508, 512, 513, 514, 515, 516, 517, 522, 523], "excluded_lines": []}, "NativeVectorIndex.get_index_stats": {"executed_lines": [], "summary": {"covered_lines": 0, "num_statements": 22, "percent_covered": 0.0, "percent_covered_display": "0", "missing_lines": 22, "excluded_lines": 0}, "missing_lines": [539, 546, 547, 548, 549, 554, 559, 560, 561, 563, 572, 577, 581, 582, 584, 585, 588, 589, 590, 594, 595, 597], "excluded_lines": []}, "NativeVectorIndex.optimize_index": {"executed_lines": [], "summary": {"covered_lines": 0, "num_statements": 19, "percent_covered": 0.0, "percent_covered_display": "0", "missing_lines": 19, "excluded_lines": 0}, "missing_lines": [613, 615, 616, 619, 623, 624, 628, 629, 634, 642, 647, 649, 655, 656, 659, 660, 661, 665, 666], "excluded_lines": []}, "NativeVectorIndex._validate_dimensions": {"executed_lines": [], "summary": {"covered_lines": 0, "num_statements": 5, "percent_covered": 0.0, "percent_covered_display": "0", "missing_lines": 5, "excluded_lines": 0}, "missing_lines": [681, 682, 686, 687, 692], "excluded_lines": []}, "NativeVectorIndex._normalize_vector": {"executed_lines": [], "summary": {"covered_lines": 0, "num_statements": 10, "percent_covered": 0.0, "percent_covered_display": "0", "missing_lines": 10, "excluded_lines": 0}, "missing_lines": [704, 705, 706, 709, 710, 713, 715, 716, 717, 718], "excluded_lines": []}, "": {"executed_lines": [], "summary": {"covered_lines": 0, "num_statements": 46, "percent_covered": 0.0, "percent_covered_display": "0", "missing_lines": 46, "excluded_lines": 0}, "missing_lines": [13, 14, 15, 16, 17, 18, 19, 20, 22, 25, 26, 29, 30, 31, 32, 33, 34, 35, 37, 59, 60, 63, 64, 65, 66, 68, 73, 74, 77, 78, 79, 80, 83, 86, 98, 99, 115, 138, 182, 213, 301, 422, 525, 599, 668, 694], "excluded_lines": []}}, "classes": {"VectorIndexConfig": {"executed_lines": [], "summary": {"covered_lines": 0, "num_statements": 8, "percent_covered": 0.0, "percent_covered_display": "0", "missing_lines": 8, "excluded_lines": 0}, "missing_lines": [39, 40, 42, 43, 46, 51, 52, 53], "excluded_lines": []}, "VectorSearchResult": {"executed_lines": [], "summary": {"covered_lines": 0, "num_statements": 1, "percent_covered": 0.0, "percent_covered_display": "0", "missing_lines": 1, "excluded_lines": 0}, "missing_lines": [70], "excluded_lines": []}, "VectorUpsertResult": {"executed_lines": [], "summary": {"covered_lines": 0, "num_statements": 0, "percent_covered": 100.0, "percent_covered_display": "100", "missing_lines": 0, "excluded_lines": 0}, "missing_lines": [], "excluded_lines": []}, "NativeVectorIndex": {"executed_lines": [], "summary": {"covered_lines": 0, "num_statements": 202, "percent_covered": 0.0, "percent_covered_display": "0", "missing_lines": 202, "excluded_lines": 0}, "missing_lines": [94, 95, 96, 104, 105, 106, 107, 109, 110, 111, 112, 113, 128, 129, 130, 131, 132, 136, 148, 160, 161, 162, 163, 164, 170, 171, 172, 173, 178, 192, 194, 195, 196, 197, 198, 202, 203, 204, 205, 209, 232, 233, 236, 237, 238, 241, 242, 244, 245, 246, 247, 249, 251, 257, 258, 263, 269, 270, 271, 272, 278, 280, 281, 282, 288, 289, 293, 294, 316, 319, 320, 321, 322, 323, 331, 332, 334, 335, 337, 341, 342, 343, 345, 347, 350, 351, 352, 353, 355, 356, 358, 365, 366, 367, 372, 373, 378, 379, 382, 383, 384, 385, 392, 393, 394, 396, 397, 398, 404, 405, 409, 411, 412, 413, 420, 446, 447, 450, 451, 456, 457, 458, 459, 460, 461, 462, 464, 476, 477, 478, 484, 489, 490, 493, 498, 505, 507, 508, 512, 513, 514, 515, 516, 517, 522, 523, 539, 546, 547, 548, 549, 554, 559, 560, 561, 563, 572, 577, 581, 582, 584, 585, 588, 589, 590, 594, 595, 597, 613, 615, 616, 619, 623, 624, 628, 629, 634, 642, 647, 649, 655, 656, 659, 660, 661, 665, 666, 681, 682, 686, 687, 692, 704, 705, 706, 709, 710, 713, 715, 716, 717, 718], "excluded_lines": []}, "": {"executed_lines": [], "summary": {"covered_lines": 0, "num_statements": 46, "percent_covered": 0.0, "percent_covered_display": "0", "missing_lines": 46, "excluded_lines": 0}, "missing_lines": [13, 14, 15, 16, 17, 18, 19, 20, 22, 25, 26, 29, 30, 31, 32, 33, 34, 35, 37, 59, 60, 63, 64, 65, 66, 68, 73, 74, 77, 78, 79, 80, 83, 86, 98, 99, 115, 138, 182, 213, 301, 422, 525, 599, 668, 694], "excluded_lines": []}}}, "src/project_watch_mcp/vector_search/neo4j_native_vectors_old.py": {"executed_lines": [], "summary": {"covered_lines": 0, "num_statements": 197, "percent_covered": 0.0, "percent_covered_display": "0", "missing_lines": 197, "excluded_lines": 0}, "missing_lines": [8, 9, 10, 11, 12, 13, 15, 18, 19, 22, 23, 24, 25, 26, 27, 29, 31, 32, 34, 35, 38, 43, 44, 45, 51, 52, 55, 56, 57, 58, 60, 62, 65, 66, 69, 70, 71, 72, 75, 78, 86, 87, 88, 90, 97, 109, 110, 111, 112, 113, 119, 120, 121, 123, 130, 132, 133, 134, 135, 136, 140, 141, 142, 144, 161, 162, 165, 166, 167, 170, 171, 173, 174, 175, 176, 178, 180, 186, 187, 189, 195, 196, 197, 204, 219, 222, 223, 224, 227, 228, 230, 231, 232, 233, 234, 235, 243, 244, 245, 249, 250, 251, 253, 255, 256, 257, 258, 260, 261, 263, 270, 271, 272, 273, 274, 275, 278, 279, 280, 286, 287, 289, 290, 291, 299, 302, 303, 304, 305, 307, 309, 326, 327, 330, 331, 336, 337, 338, 339, 340, 341, 342, 344, 356, 357, 358, 359, 360, 363, 368, 375, 377, 378, 379, 381, 388, 395, 396, 397, 398, 399, 400, 401, 403, 412, 417, 418, 419, 421, 422, 423, 425, 427, 434, 436, 437, 440, 444, 445, 446, 449, 457, 459, 461, 467, 468, 469, 471, 484, 485, 489, 491, 501, 502, 505, 506, 508], "excluded_lines": [], "functions": {"VectorIndexConfig.__post_init__": {"executed_lines": [], "summary": {"covered_lines": 0, "num_statements": 8, "percent_covered": 0.0, "percent_covered_display": "0", "missing_lines": 8, "excluded_lines": 0}, "missing_lines": [31, 32, 34, 35, 38, 43, 44, 45], "excluded_lines": []}, "VectorSearchResult.__lt__": {"executed_lines": [], "summary": {"covered_lines": 0, "num_statements": 1, "percent_covered": 0.0, "percent_covered_display": "0", "missing_lines": 1, "excluded_lines": 0}, "missing_lines": [62], "excluded_lines": []}, "NativeVectorIndex.__init__": {"executed_lines": [], "summary": {"covered_lines": 0, "num_statements": 3, "percent_covered": 0.0, "percent_covered_display": "0", "missing_lines": 3, "excluded_lines": 0}, "missing_lines": [86, 87, 88], "excluded_lines": []}, "NativeVectorIndex.create_index": {"executed_lines": [], "summary": {"covered_lines": 0, "num_statements": 9, "percent_covered": 0.0, "percent_covered_display": "0", "missing_lines": 9, "excluded_lines": 0}, "missing_lines": [97, 109, 110, 111, 112, 113, 119, 120, 121], "excluded_lines": []}, "NativeVectorIndex.drop_index": {"executed_lines": [], "summary": {"covered_lines": 0, "num_statements": 9, "percent_covered": 0.0, "percent_covered_display": "0", "missing_lines": 9, "excluded_lines": 0}, "missing_lines": [130, 132, 133, 134, 135, 136, 140, 141, 142], "excluded_lines": []}, "NativeVectorIndex.upsert_vector": {"executed_lines": [], "summary": {"covered_lines": 0, "num_statements": 19, "percent_covered": 0.0, "percent_covered_display": "0", "missing_lines": 19, "excluded_lines": 0}, "missing_lines": [161, 162, 165, 166, 167, 170, 171, 173, 174, 175, 176, 178, 180, 186, 187, 189, 195, 196, 197], "excluded_lines": []}, "NativeVectorIndex.batch_upsert_vectors": {"executed_lines": [], "summary": {"covered_lines": 0, "num_statements": 46, "percent_covered": 0.0, "percent_covered_display": "0", "missing_lines": 46, "excluded_lines": 0}, "missing_lines": [219, 222, 223, 224, 227, 228, 230, 231, 232, 233, 234, 235, 243, 244, 245, 249, 250, 251, 253, 255, 256, 257, 258, 260, 261, 263, 270, 271, 272, 273, 274, 275, 278, 279, 280, 286, 287, 289, 290, 291, 299, 302, 303, 304, 305, 307], "excluded_lines": []}, "NativeVectorIndex.search": {"executed_lines": [], "summary": {"covered_lines": 0, "num_statements": 23, "percent_covered": 0.0, "percent_covered_display": "0", "missing_lines": 23, "excluded_lines": 0}, "missing_lines": [326, 327, 330, 331, 336, 337, 338, 339, 340, 341, 342, 344, 356, 357, 358, 359, 360, 363, 368, 375, 377, 378, 379], "excluded_lines": []}, "NativeVectorIndex.get_index_stats": {"executed_lines": [], "summary": {"covered_lines": 0, "num_statements": 17, "percent_covered": 0.0, "percent_covered_display": "0", "missing_lines": 17, "excluded_lines": 0}, "missing_lines": [388, 395, 396, 397, 398, 399, 400, 401, 403, 412, 417, 418, 419, 421, 422, 423, 425], "excluded_lines": []}, "NativeVectorIndex.optimize_index": {"executed_lines": [], "summary": {"covered_lines": 0, "num_statements": 14, "percent_covered": 0.0, "percent_covered_display": "0", "missing_lines": 14, "excluded_lines": 0}, "missing_lines": [434, 436, 437, 440, 444, 445, 446, 449, 457, 459, 461, 467, 468, 469], "excluded_lines": []}, "NativeVectorIndex._validate_dimensions": {"executed_lines": [], "summary": {"covered_lines": 0, "num_statements": 3, "percent_covered": 0.0, "percent_covered_display": "0", "missing_lines": 3, "excluded_lines": 0}, "missing_lines": [484, 485, 489], "excluded_lines": []}, "NativeVectorIndex._normalize_vector": {"executed_lines": [], "summary": {"covered_lines": 0, "num_statements": 5, "percent_covered": 0.0, "percent_covered_display": "0", "missing_lines": 5, "excluded_lines": 0}, "missing_lines": [501, 502, 505, 506, 508], "excluded_lines": []}, "": {"executed_lines": [], "summary": {"covered_lines": 0, "num_statements": 40, "percent_covered": 0.0, "percent_covered_display": "0", "missing_lines": 40, "excluded_lines": 0}, "missing_lines": [8, 9, 10, 11, 12, 13, 15, 18, 19, 22, 23, 24, 25, 26, 27, 29, 51, 52, 55, 56, 57, 58, 60, 65, 66, 69, 70, 71, 72, 75, 78, 90, 123, 144, 204, 309, 381, 427, 471, 491], "excluded_lines": []}}, "classes": {"VectorIndexConfig": {"executed_lines": [], "summary": {"covered_lines": 0, "num_statements": 8, "percent_covered": 0.0, "percent_covered_display": "0", "missing_lines": 8, "excluded_lines": 0}, "missing_lines": [31, 32, 34, 35, 38, 43, 44, 45], "excluded_lines": []}, "VectorSearchResult": {"executed_lines": [], "summary": {"covered_lines": 0, "num_statements": 1, "percent_covered": 0.0, "percent_covered_display": "0", "missing_lines": 1, "excluded_lines": 0}, "missing_lines": [62], "excluded_lines": []}, "VectorUpsertResult": {"executed_lines": [], "summary": {"covered_lines": 0, "num_statements": 0, "percent_covered": 100.0, "percent_covered_display": "100", "missing_lines": 0, "excluded_lines": 0}, "missing_lines": [], "excluded_lines": []}, "NativeVectorIndex": {"executed_lines": [], "summary": {"covered_lines": 0, "num_statements": 148, "percent_covered": 0.0, "percent_covered_display": "0", "missing_lines": 148, "excluded_lines": 0}, "missing_lines": [86, 87, 88, 97, 109, 110, 111, 112, 113, 119, 120, 121, 130, 132, 133, 134, 135, 136, 140, 141, 142, 161, 162, 165, 166, 167, 170, 171, 173, 174, 175, 176, 178, 180, 186, 187, 189, 195, 196, 197, 219, 222, 223, 224, 227, 228, 230, 231, 232, 233, 234, 235, 243, 244, 245, 249, 250, 251, 253, 255, 256, 257, 258, 260, 261, 263, 270, 271, 272, 273, 274, 275, 278, 279, 280, 286, 287, 289, 290, 291, 299, 302, 303, 304, 305, 307, 326, 327, 330, 331, 336, 337, 338, 339, 340, 341, 342, 344, 356, 357, 358, 359, 360, 363, 368, 375, 377, 378, 379, 388, 395, 396, 397, 398, 399, 400, 401, 403, 412, 417, 418, 419, 421, 422, 423, 425, 434, 436, 437, 440, 444, 445, 446, 449, 457, 459, 461, 467, 468, 469, 484, 485, 489, 501, 502, 505, 506, 508], "excluded_lines": []}, "": {"executed_lines": [], "summary": {"covered_lines": 0, "num_statements": 40, "percent_covered": 0.0, "percent_covered_display": "0", "missing_lines": 40, "excluded_lines": 0}, "missing_lines": [8, 9, 10, 11, 12, 13, 15, 18, 19, 22, 23, 24, 25, 26, 27, 29, 51, 52, 55, 56, 57, 58, 60, 65, 66, 69, 70, 71, 72, 75, 78, 90, 123, 144, 204, 309, 381, 427, 471, 491], "excluded_lines": []}}}}, "totals": {"covered_lines": 835, "num_statements": 4801, "percent_covered": 17.392209956259112, "percent_covered_display": "17", "missing_lines": 3966, "excluded_lines": 1}}